| 05-14 18:15:06 EXPERIMENT BEGIN: 
| 05-14 18:15:06 logging into exp/community_small/edp-gnn_community_small__May-14-18-15-06_1149397/sample/info.log
| 05-14 18:15:06 load dataset: {"graph_type": "community", "possible_params_dict": {"num_communities": [2], "max_nodes": [12, 13, 14, 15, 16, 17, 18, 19, 20]}, "corrupt_func": null, "length": 100, "save_dir": "data", "file_name": "community_small", "max_node": null, "min_node": null}max node number: 20
| 05-14 18:15:30 model: EdgeDensePredictionGraphScoreNetwork(
  (gnn_list): ModuleList(
    (0): EdgeDensePredictionGNNLayer(
      (multi_channel_gnn_module): GIN(
        (linear_prediction): ModuleList(
          (0): Sequential(
            (0): Linear(in_features=3, out_features=32, bias=True)
            (1): LeakyReLU(negative_slope=0.01)
            (2): Linear(in_features=32, out_features=16, bias=True)
          )
          (1): Sequential(
            (0): Linear(in_features=16, out_features=32, bias=True)
            (1): LeakyReLU(negative_slope=0.01)
            (2): Linear(in_features=32, out_features=16, bias=True)
          )
          (2): Sequential(
            (0): Linear(in_features=16, out_features=32, bias=True)
            (1): LeakyReLU(negative_slope=0.01)
            (2): Linear(in_features=32, out_features=16, bias=True)
          )
          (3): Sequential(
            (0): Linear(in_features=16, out_features=32, bias=True)
            (1): LeakyReLU(negative_slope=0.01)
            (2): Linear(in_features=32, out_features=16, bias=True)
          )
          (4): Sequential(
            (0): Linear(in_features=16, out_features=32, bias=True)
            (1): LeakyReLU(negative_slope=0.01)
            (2): Linear(in_features=32, out_features=16, bias=True)
          )
        )
        (layers): ModuleList(
          (0): MLP(
            (linears): ModuleList(
              (0): Linear(in_features=6, out_features=32, bias=True)
              (1): Linear(in_features=32, out_features=16, bias=True)
            )
          )
          (1): MLP(
            (linears): ModuleList(
              (0): Linear(in_features=32, out_features=32, bias=True)
              (1): Linear(in_features=32, out_features=16, bias=True)
            )
          )
          (2): MLP(
            (linears): ModuleList(
              (0): Linear(in_features=32, out_features=32, bias=True)
              (1): Linear(in_features=32, out_features=16, bias=True)
            )
          )
          (3): MLP(
            (linears): ModuleList(
              (0): Linear(in_features=32, out_features=32, bias=True)
              (1): Linear(in_features=32, out_features=16, bias=True)
            )
          )
        )
      )
      (translate_mlp): MLP(
        (linears): ModuleList(
          (0): Linear(in_features=34, out_features=4, bias=True)
          (1): Linear(in_features=4, out_features=4, bias=True)
          (2): Linear(in_features=4, out_features=2, bias=True)
        )
        (batch_norms): ModuleList(
          (0): BatchNorm1d(4, eps=1e-05, momentum=0.1, affine=True, track_running_stats=True)
          (1): BatchNorm1d(4, eps=1e-05, momentum=0.1, affine=True, track_running_stats=True)
        )
        (cond_layers): ModuleList(
          (0): ConditionalLayer1d()
          (1): ConditionalLayer1d()
        )
      )
    )
    (1): EdgeDensePredictionGNNLayer(
      (multi_channel_gnn_module): GIN(
        (linear_prediction): ModuleList(
          (0): Sequential(
            (0): Linear(in_features=18, out_features=36, bias=True)
            (1): LeakyReLU(negative_slope=0.01)
            (2): Linear(in_features=36, out_features=16, bias=True)
          )
          (1): Sequential(
            (0): Linear(in_features=16, out_features=36, bias=True)
            (1): LeakyReLU(negative_slope=0.01)
            (2): Linear(in_features=36, out_features=16, bias=True)
          )
          (2): Sequential(
            (0): Linear(in_features=16, out_features=36, bias=True)
            (1): LeakyReLU(negative_slope=0.01)
            (2): Linear(in_features=36, out_features=16, bias=True)
          )
          (3): Sequential(
            (0): Linear(in_features=16, out_features=36, bias=True)
            (1): LeakyReLU(negative_slope=0.01)
            (2): Linear(in_features=36, out_features=16, bias=True)
          )
          (4): Sequential(
            (0): Linear(in_features=16, out_features=36, bias=True)
            (1): LeakyReLU(negative_slope=0.01)
            (2): Linear(in_features=36, out_features=16, bias=True)
          )
        )
        (layers): ModuleList(
          (0): MLP(
            (linears): ModuleList(
              (0): Linear(in_features=36, out_features=36, bias=True)
              (1): Linear(in_features=36, out_features=16, bias=True)
            )
          )
          (1): MLP(
            (linears): ModuleList(
              (0): Linear(in_features=32, out_features=36, bias=True)
              (1): Linear(in_features=36, out_features=16, bias=True)
            )
          )
          (2): MLP(
            (linears): ModuleList(
              (0): Linear(in_features=32, out_features=36, bias=True)
              (1): Linear(in_features=36, out_features=16, bias=True)
            )
          )
          (3): MLP(
            (linears): ModuleList(
              (0): Linear(in_features=32, out_features=36, bias=True)
              (1): Linear(in_features=36, out_features=16, bias=True)
            )
          )
        )
      )
      (translate_mlp): MLP(
        (linears): ModuleList(
          (0): Linear(in_features=34, out_features=8, bias=True)
          (1): Linear(in_features=8, out_features=8, bias=True)
          (2): Linear(in_features=8, out_features=4, bias=True)
        )
        (batch_norms): ModuleList(
          (0): BatchNorm1d(8, eps=1e-05, momentum=0.1, affine=True, track_running_stats=True)
          (1): BatchNorm1d(8, eps=1e-05, momentum=0.1, affine=True, track_running_stats=True)
        )
        (cond_layers): ModuleList(
          (0): ConditionalLayer1d()
          (1): ConditionalLayer1d()
        )
      )
    )
    (2): EdgeDensePredictionGNNLayer(
      (multi_channel_gnn_module): GIN(
        (linear_prediction): ModuleList(
          (0): Sequential(
            (0): Linear(in_features=20, out_features=40, bias=True)
            (1): LeakyReLU(negative_slope=0.01)
            (2): Linear(in_features=40, out_features=16, bias=True)
          )
          (1): Sequential(
            (0): Linear(in_features=16, out_features=40, bias=True)
            (1): LeakyReLU(negative_slope=0.01)
            (2): Linear(in_features=40, out_features=16, bias=True)
          )
          (2): Sequential(
            (0): Linear(in_features=16, out_features=40, bias=True)
            (1): LeakyReLU(negative_slope=0.01)
            (2): Linear(in_features=40, out_features=16, bias=True)
          )
          (3): Sequential(
            (0): Linear(in_features=16, out_features=40, bias=True)
            (1): LeakyReLU(negative_slope=0.01)
            (2): Linear(in_features=40, out_features=16, bias=True)
          )
          (4): Sequential(
            (0): Linear(in_features=16, out_features=40, bias=True)
            (1): LeakyReLU(negative_slope=0.01)
            (2): Linear(in_features=40, out_features=16, bias=True)
          )
        )
        (layers): ModuleList(
          (0): MLP(
            (linears): ModuleList(
              (0): Linear(in_features=80, out_features=40, bias=True)
              (1): Linear(in_features=40, out_features=16, bias=True)
            )
          )
          (1): MLP(
            (linears): ModuleList(
              (0): Linear(in_features=64, out_features=40, bias=True)
              (1): Linear(in_features=40, out_features=16, bias=True)
            )
          )
          (2): MLP(
            (linears): ModuleList(
              (0): Linear(in_features=64, out_features=40, bias=True)
              (1): Linear(in_features=40, out_features=16, bias=True)
            )
          )
          (3): MLP(
            (linears): ModuleList(
              (0): Linear(in_features=64, out_features=40, bias=True)
              (1): Linear(in_features=40, out_features=16, bias=True)
            )
          )
        )
      )
      (translate_mlp): MLP(
        (linears): ModuleList(
          (0): Linear(in_features=36, out_features=8, bias=True)
          (1): Linear(in_features=8, out_features=8, bias=True)
          (2): Linear(in_features=8, out_features=4, bias=True)
        )
        (batch_norms): ModuleList(
          (0): BatchNorm1d(8, eps=1e-05, momentum=0.1, affine=True, track_running_stats=True)
          (1): BatchNorm1d(8, eps=1e-05, momentum=0.1, affine=True, track_running_stats=True)
        )
        (cond_layers): ModuleList(
          (0): ConditionalLayer1d()
          (1): ConditionalLayer1d()
        )
      )
    )
    (3): EdgeDensePredictionGNNLayer(
      (multi_channel_gnn_module): GIN(
        (linear_prediction): ModuleList(
          (0): Sequential(
            (0): Linear(in_features=20, out_features=40, bias=True)
            (1): LeakyReLU(negative_slope=0.01)
            (2): Linear(in_features=40, out_features=16, bias=True)
          )
          (1): Sequential(
            (0): Linear(in_features=16, out_features=40, bias=True)
            (1): LeakyReLU(negative_slope=0.01)
            (2): Linear(in_features=40, out_features=16, bias=True)
          )
          (2): Sequential(
            (0): Linear(in_features=16, out_features=40, bias=True)
            (1): LeakyReLU(negative_slope=0.01)
            (2): Linear(in_features=40, out_features=16, bias=True)
          )
          (3): Sequential(
            (0): Linear(in_features=16, out_features=40, bias=True)
            (1): LeakyReLU(negative_slope=0.01)
            (2): Linear(in_features=40, out_features=16, bias=True)
          )
          (4): Sequential(
            (0): Linear(in_features=16, out_features=40, bias=True)
            (1): LeakyReLU(negative_slope=0.01)
            (2): Linear(in_features=40, out_features=16, bias=True)
          )
        )
        (layers): ModuleList(
          (0): MLP(
            (linears): ModuleList(
              (0): Linear(in_features=80, out_features=40, bias=True)
              (1): Linear(in_features=40, out_features=16, bias=True)
            )
          )
          (1): MLP(
            (linears): ModuleList(
              (0): Linear(in_features=64, out_features=40, bias=True)
              (1): Linear(in_features=40, out_features=16, bias=True)
            )
          )
          (2): MLP(
            (linears): ModuleList(
              (0): Linear(in_features=64, out_features=40, bias=True)
              (1): Linear(in_features=40, out_features=16, bias=True)
            )
          )
          (3): MLP(
            (linears): ModuleList(
              (0): Linear(in_features=64, out_features=40, bias=True)
              (1): Linear(in_features=40, out_features=16, bias=True)
            )
          )
        )
      )
      (translate_mlp): MLP(
        (linears): ModuleList(
          (0): Linear(in_features=36, out_features=8, bias=True)
          (1): Linear(in_features=8, out_features=8, bias=True)
          (2): Linear(in_features=8, out_features=4, bias=True)
        )
        (batch_norms): ModuleList(
          (0): BatchNorm1d(8, eps=1e-05, momentum=0.1, affine=True, track_running_stats=True)
          (1): BatchNorm1d(8, eps=1e-05, momentum=0.1, affine=True, track_running_stats=True)
        )
        (cond_layers): ModuleList(
          (0): ConditionalLayer1d()
          (1): ConditionalLayer1d()
        )
      )
    )
    (4): EdgeDensePredictionGNNLayer(
      (multi_channel_gnn_module): GIN(
        (linear_prediction): ModuleList(
          (0): Sequential(
            (0): Linear(in_features=20, out_features=40, bias=True)
            (1): LeakyReLU(negative_slope=0.01)
            (2): Linear(in_features=40, out_features=16, bias=True)
          )
          (1): Sequential(
            (0): Linear(in_features=16, out_features=40, bias=True)
            (1): LeakyReLU(negative_slope=0.01)
            (2): Linear(in_features=40, out_features=16, bias=True)
          )
          (2): Sequential(
            (0): Linear(in_features=16, out_features=40, bias=True)
            (1): LeakyReLU(negative_slope=0.01)
            (2): Linear(in_features=40, out_features=16, bias=True)
          )
          (3): Sequential(
            (0): Linear(in_features=16, out_features=40, bias=True)
            (1): LeakyReLU(negative_slope=0.01)
            (2): Linear(in_features=40, out_features=16, bias=True)
          )
          (4): Sequential(
            (0): Linear(in_features=16, out_features=40, bias=True)
            (1): LeakyReLU(negative_slope=0.01)
            (2): Linear(in_features=40, out_features=16, bias=True)
          )
        )
        (layers): ModuleList(
          (0): MLP(
            (linears): ModuleList(
              (0): Linear(in_features=80, out_features=40, bias=True)
              (1): Linear(in_features=40, out_features=16, bias=True)
            )
          )
          (1): MLP(
            (linears): ModuleList(
              (0): Linear(in_features=64, out_features=40, bias=True)
              (1): Linear(in_features=40, out_features=16, bias=True)
            )
          )
          (2): MLP(
            (linears): ModuleList(
              (0): Linear(in_features=64, out_features=40, bias=True)
              (1): Linear(in_features=40, out_features=16, bias=True)
            )
          )
          (3): MLP(
            (linears): ModuleList(
              (0): Linear(in_features=64, out_features=40, bias=True)
              (1): Linear(in_features=40, out_features=16, bias=True)
            )
          )
        )
      )
      (translate_mlp): MLP(
        (linears): ModuleList(
          (0): Linear(in_features=36, out_features=8, bias=True)
          (1): Linear(in_features=8, out_features=8, bias=True)
          (2): Linear(in_features=8, out_features=2, bias=True)
        )
        (batch_norms): ModuleList(
          (0): BatchNorm1d(8, eps=1e-05, momentum=0.1, affine=True, track_running_stats=True)
          (1): BatchNorm1d(8, eps=1e-05, momentum=0.1, affine=True, track_running_stats=True)
        )
        (cond_layers): ModuleList(
          (0): ConditionalLayer1d()
          (1): ConditionalLayer1d()
        )
      )
    )
  )
  (final_read_score): MLP(
    (linears): ModuleList(
      (0): Linear(in_features=18, out_features=36, bias=True)
      (1): Linear(in_features=36, out_features=36, bias=True)
      (2): Linear(in_features=36, out_features=1, bias=True)
    )
    (cond_layers): ModuleList(
      (0): ConditionalLayer1d()
      (1): ConditionalLayer1d()
    )
  )
)
| 05-14 18:24:00 MMD_full edp-gnn-proj-1.0-fixed1-zeros,58.33 128: {'degree': 0.073914, 'cluster': 0.48314, 'orbit': 0.206174, 'spectral': 0.18028}
| 05-14 18:29:46 MMD_full edp-gnn-proj-1.0-fixed1-zeros,58.33 128: {'degree': 0.220739, 'cluster': 0.485923, 'orbit': 0.133048, 'spectral': 0.177187}
| 05-14 18:29:46 best_config edp-gnn-proj-1.0-fixed1-zeros,58.33 iter: {'step_size_ratio': 0.01, 'eps': 0.5, 'best_batch_mmd': {'degree': 0.073914, 'cluster': 0.48314, 'orbit': 0.206174, 'spectral': 0.18028}}
| 05-14 19:09:03 MMD_full edp-gnn-proj-1.0-fixed1-zeros,58.33 1024: {'degree': 0.085552, 'cluster': 0.407879, 'orbit': 0.205316, 'spectral': 0.17439}
