| 05-12 06:36:17 EXPERIMENT BEGIN: 
| 05-12 06:36:17 logging into exp/ego_small/edp-gnn_ego_small__May-12-06-36-17_3479620/sample/info.log
| 05-12 06:36:17 load dataset: ego_small
200
| 05-12 06:36:46 model: EdgeDensePredictionGraphScoreNetwork(
  (gnn_list): ModuleList(
    (0): EdgeDensePredictionGNNLayer(
      (multi_channel_gnn_module): GIN(
        (linear_prediction): ModuleList(
          (0): Sequential(
            (0): Linear(in_features=3, out_features=32, bias=True)
            (1): LeakyReLU(negative_slope=0.01)
            (2): Linear(in_features=32, out_features=16, bias=True)
          )
          (1): Sequential(
            (0): Linear(in_features=16, out_features=32, bias=True)
            (1): LeakyReLU(negative_slope=0.01)
            (2): Linear(in_features=32, out_features=16, bias=True)
          )
          (2): Sequential(
            (0): Linear(in_features=16, out_features=32, bias=True)
            (1): LeakyReLU(negative_slope=0.01)
            (2): Linear(in_features=32, out_features=16, bias=True)
          )
          (3): Sequential(
            (0): Linear(in_features=16, out_features=32, bias=True)
            (1): LeakyReLU(negative_slope=0.01)
            (2): Linear(in_features=32, out_features=16, bias=True)
          )
          (4): Sequential(
            (0): Linear(in_features=16, out_features=32, bias=True)
            (1): LeakyReLU(negative_slope=0.01)
            (2): Linear(in_features=32, out_features=16, bias=True)
          )
        )
        (layers): ModuleList(
          (0): MLP(
            (linears): ModuleList(
              (0): Linear(in_features=6, out_features=32, bias=True)
              (1): Linear(in_features=32, out_features=16, bias=True)
            )
          )
          (1): MLP(
            (linears): ModuleList(
              (0): Linear(in_features=32, out_features=32, bias=True)
              (1): Linear(in_features=32, out_features=16, bias=True)
            )
          )
          (2): MLP(
            (linears): ModuleList(
              (0): Linear(in_features=32, out_features=32, bias=True)
              (1): Linear(in_features=32, out_features=16, bias=True)
            )
          )
          (3): MLP(
            (linears): ModuleList(
              (0): Linear(in_features=32, out_features=32, bias=True)
              (1): Linear(in_features=32, out_features=16, bias=True)
            )
          )
        )
      )
      (translate_mlp): MLP(
        (linears): ModuleList(
          (0): Linear(in_features=34, out_features=4, bias=True)
          (1): Linear(in_features=4, out_features=4, bias=True)
          (2): Linear(in_features=4, out_features=2, bias=True)
        )
        (batch_norms): ModuleList(
          (0): BatchNorm1d(4, eps=1e-05, momentum=0.1, affine=True, track_running_stats=True)
          (1): BatchNorm1d(4, eps=1e-05, momentum=0.1, affine=True, track_running_stats=True)
        )
        (cond_layers): ModuleList(
          (0): ConditionalLayer1d()
          (1): ConditionalLayer1d()
        )
      )
    )
    (1): EdgeDensePredictionGNNLayer(
      (multi_channel_gnn_module): GIN(
        (linear_prediction): ModuleList(
          (0): Sequential(
            (0): Linear(in_features=18, out_features=36, bias=True)
            (1): LeakyReLU(negative_slope=0.01)
            (2): Linear(in_features=36, out_features=16, bias=True)
          )
          (1): Sequential(
            (0): Linear(in_features=16, out_features=36, bias=True)
            (1): LeakyReLU(negative_slope=0.01)
            (2): Linear(in_features=36, out_features=16, bias=True)
          )
          (2): Sequential(
            (0): Linear(in_features=16, out_features=36, bias=True)
            (1): LeakyReLU(negative_slope=0.01)
            (2): Linear(in_features=36, out_features=16, bias=True)
          )
          (3): Sequential(
            (0): Linear(in_features=16, out_features=36, bias=True)
            (1): LeakyReLU(negative_slope=0.01)
            (2): Linear(in_features=36, out_features=16, bias=True)
          )
          (4): Sequential(
            (0): Linear(in_features=16, out_features=36, bias=True)
            (1): LeakyReLU(negative_slope=0.01)
            (2): Linear(in_features=36, out_features=16, bias=True)
          )
        )
        (layers): ModuleList(
          (0): MLP(
            (linears): ModuleList(
              (0): Linear(in_features=36, out_features=36, bias=True)
              (1): Linear(in_features=36, out_features=16, bias=True)
            )
          )
          (1): MLP(
            (linears): ModuleList(
              (0): Linear(in_features=32, out_features=36, bias=True)
              (1): Linear(in_features=36, out_features=16, bias=True)
            )
          )
          (2): MLP(
            (linears): ModuleList(
              (0): Linear(in_features=32, out_features=36, bias=True)
              (1): Linear(in_features=36, out_features=16, bias=True)
            )
          )
          (3): MLP(
            (linears): ModuleList(
              (0): Linear(in_features=32, out_features=36, bias=True)
              (1): Linear(in_features=36, out_features=16, bias=True)
            )
          )
        )
      )
      (translate_mlp): MLP(
        (linears): ModuleList(
          (0): Linear(in_features=34, out_features=8, bias=True)
          (1): Linear(in_features=8, out_features=8, bias=True)
          (2): Linear(in_features=8, out_features=4, bias=True)
        )
        (batch_norms): ModuleList(
          (0): BatchNorm1d(8, eps=1e-05, momentum=0.1, affine=True, track_running_stats=True)
          (1): BatchNorm1d(8, eps=1e-05, momentum=0.1, affine=True, track_running_stats=True)
        )
        (cond_layers): ModuleList(
          (0): ConditionalLayer1d()
          (1): ConditionalLayer1d()
        )
      )
    )
    (2): EdgeDensePredictionGNNLayer(
      (multi_channel_gnn_module): GIN(
        (linear_prediction): ModuleList(
          (0): Sequential(
            (0): Linear(in_features=20, out_features=40, bias=True)
            (1): LeakyReLU(negative_slope=0.01)
            (2): Linear(in_features=40, out_features=16, bias=True)
          )
          (1): Sequential(
            (0): Linear(in_features=16, out_features=40, bias=True)
            (1): LeakyReLU(negative_slope=0.01)
            (2): Linear(in_features=40, out_features=16, bias=True)
          )
          (2): Sequential(
            (0): Linear(in_features=16, out_features=40, bias=True)
            (1): LeakyReLU(negative_slope=0.01)
            (2): Linear(in_features=40, out_features=16, bias=True)
          )
          (3): Sequential(
            (0): Linear(in_features=16, out_features=40, bias=True)
            (1): LeakyReLU(negative_slope=0.01)
            (2): Linear(in_features=40, out_features=16, bias=True)
          )
          (4): Sequential(
            (0): Linear(in_features=16, out_features=40, bias=True)
            (1): LeakyReLU(negative_slope=0.01)
            (2): Linear(in_features=40, out_features=16, bias=True)
          )
        )
        (layers): ModuleList(
          (0): MLP(
            (linears): ModuleList(
              (0): Linear(in_features=80, out_features=40, bias=True)
              (1): Linear(in_features=40, out_features=16, bias=True)
            )
          )
          (1): MLP(
            (linears): ModuleList(
              (0): Linear(in_features=64, out_features=40, bias=True)
              (1): Linear(in_features=40, out_features=16, bias=True)
            )
          )
          (2): MLP(
            (linears): ModuleList(
              (0): Linear(in_features=64, out_features=40, bias=True)
              (1): Linear(in_features=40, out_features=16, bias=True)
            )
          )
          (3): MLP(
            (linears): ModuleList(
              (0): Linear(in_features=64, out_features=40, bias=True)
              (1): Linear(in_features=40, out_features=16, bias=True)
            )
          )
        )
      )
      (translate_mlp): MLP(
        (linears): ModuleList(
          (0): Linear(in_features=36, out_features=8, bias=True)
          (1): Linear(in_features=8, out_features=8, bias=True)
          (2): Linear(in_features=8, out_features=4, bias=True)
        )
        (batch_norms): ModuleList(
          (0): BatchNorm1d(8, eps=1e-05, momentum=0.1, affine=True, track_running_stats=True)
          (1): BatchNorm1d(8, eps=1e-05, momentum=0.1, affine=True, track_running_stats=True)
        )
        (cond_layers): ModuleList(
          (0): ConditionalLayer1d()
          (1): ConditionalLayer1d()
        )
      )
    )
    (3): EdgeDensePredictionGNNLayer(
      (multi_channel_gnn_module): GIN(
        (linear_prediction): ModuleList(
          (0): Sequential(
            (0): Linear(in_features=20, out_features=40, bias=True)
            (1): LeakyReLU(negative_slope=0.01)
            (2): Linear(in_features=40, out_features=16, bias=True)
          )
          (1): Sequential(
            (0): Linear(in_features=16, out_features=40, bias=True)
            (1): LeakyReLU(negative_slope=0.01)
            (2): Linear(in_features=40, out_features=16, bias=True)
          )
          (2): Sequential(
            (0): Linear(in_features=16, out_features=40, bias=True)
            (1): LeakyReLU(negative_slope=0.01)
            (2): Linear(in_features=40, out_features=16, bias=True)
          )
          (3): Sequential(
            (0): Linear(in_features=16, out_features=40, bias=True)
            (1): LeakyReLU(negative_slope=0.01)
            (2): Linear(in_features=40, out_features=16, bias=True)
          )
          (4): Sequential(
            (0): Linear(in_features=16, out_features=40, bias=True)
            (1): LeakyReLU(negative_slope=0.01)
            (2): Linear(in_features=40, out_features=16, bias=True)
          )
        )
        (layers): ModuleList(
          (0): MLP(
            (linears): ModuleList(
              (0): Linear(in_features=80, out_features=40, bias=True)
              (1): Linear(in_features=40, out_features=16, bias=True)
            )
          )
          (1): MLP(
            (linears): ModuleList(
              (0): Linear(in_features=64, out_features=40, bias=True)
              (1): Linear(in_features=40, out_features=16, bias=True)
            )
          )
          (2): MLP(
            (linears): ModuleList(
              (0): Linear(in_features=64, out_features=40, bias=True)
              (1): Linear(in_features=40, out_features=16, bias=True)
            )
          )
          (3): MLP(
            (linears): ModuleList(
              (0): Linear(in_features=64, out_features=40, bias=True)
              (1): Linear(in_features=40, out_features=16, bias=True)
            )
          )
        )
      )
      (translate_mlp): MLP(
        (linears): ModuleList(
          (0): Linear(in_features=36, out_features=8, bias=True)
          (1): Linear(in_features=8, out_features=8, bias=True)
          (2): Linear(in_features=8, out_features=4, bias=True)
        )
        (batch_norms): ModuleList(
          (0): BatchNorm1d(8, eps=1e-05, momentum=0.1, affine=True, track_running_stats=True)
          (1): BatchNorm1d(8, eps=1e-05, momentum=0.1, affine=True, track_running_stats=True)
        )
        (cond_layers): ModuleList(
          (0): ConditionalLayer1d()
          (1): ConditionalLayer1d()
        )
      )
    )
    (4): EdgeDensePredictionGNNLayer(
      (multi_channel_gnn_module): GIN(
        (linear_prediction): ModuleList(
          (0): Sequential(
            (0): Linear(in_features=20, out_features=40, bias=True)
            (1): LeakyReLU(negative_slope=0.01)
            (2): Linear(in_features=40, out_features=16, bias=True)
          )
          (1): Sequential(
            (0): Linear(in_features=16, out_features=40, bias=True)
            (1): LeakyReLU(negative_slope=0.01)
            (2): Linear(in_features=40, out_features=16, bias=True)
          )
          (2): Sequential(
            (0): Linear(in_features=16, out_features=40, bias=True)
            (1): LeakyReLU(negative_slope=0.01)
            (2): Linear(in_features=40, out_features=16, bias=True)
          )
          (3): Sequential(
            (0): Linear(in_features=16, out_features=40, bias=True)
            (1): LeakyReLU(negative_slope=0.01)
            (2): Linear(in_features=40, out_features=16, bias=True)
          )
          (4): Sequential(
            (0): Linear(in_features=16, out_features=40, bias=True)
            (1): LeakyReLU(negative_slope=0.01)
            (2): Linear(in_features=40, out_features=16, bias=True)
          )
        )
        (layers): ModuleList(
          (0): MLP(
            (linears): ModuleList(
              (0): Linear(in_features=80, out_features=40, bias=True)
              (1): Linear(in_features=40, out_features=16, bias=True)
            )
          )
          (1): MLP(
            (linears): ModuleList(
              (0): Linear(in_features=64, out_features=40, bias=True)
              (1): Linear(in_features=40, out_features=16, bias=True)
            )
          )
          (2): MLP(
            (linears): ModuleList(
              (0): Linear(in_features=64, out_features=40, bias=True)
              (1): Linear(in_features=40, out_features=16, bias=True)
            )
          )
          (3): MLP(
            (linears): ModuleList(
              (0): Linear(in_features=64, out_features=40, bias=True)
              (1): Linear(in_features=40, out_features=16, bias=True)
            )
          )
        )
      )
      (translate_mlp): MLP(
        (linears): ModuleList(
          (0): Linear(in_features=36, out_features=8, bias=True)
          (1): Linear(in_features=8, out_features=8, bias=True)
          (2): Linear(in_features=8, out_features=2, bias=True)
        )
        (batch_norms): ModuleList(
          (0): BatchNorm1d(8, eps=1e-05, momentum=0.1, affine=True, track_running_stats=True)
          (1): BatchNorm1d(8, eps=1e-05, momentum=0.1, affine=True, track_running_stats=True)
        )
        (cond_layers): ModuleList(
          (0): ConditionalLayer1d()
          (1): ConditionalLayer1d()
        )
      )
    )
  )
  (final_read_score): MLP(
    (linears): ModuleList(
      (0): Linear(in_features=18, out_features=36, bias=True)
      (1): Linear(in_features=36, out_features=36, bias=True)
      (2): Linear(in_features=36, out_features=1, bias=True)
    )
    (cond_layers): ModuleList(
      (0): ConditionalLayer1d()
      (1): ConditionalLayer1d()
    )
  )
)
| 05-12 06:52:54 MMD_full ego_small_[0.1, 0.2, 0.4, 0.6, 0.8, 1.6].pth-proj-1.0-fixed1 128: {'degree': 0.179915, 'cluster': 0.575853, 'orbit': 0.023575, 'spectral': 0.100257}
| 05-12 06:58:03 MMD_full ego_small_[0.1, 0.2, 0.4, 0.6, 0.8, 1.6].pth-proj-1.0-fixed1 128: {'degree': 0.026948, 'cluster': 0.016754, 'orbit': 0.008989, 'spectral': 0.029951}
| 05-12 07:02:45 MMD_full ego_small_[0.1, 0.2, 0.4, 0.6, 0.8, 1.6].pth-proj-1.0-fixed1 128: {'degree': 0.175836, 'cluster': 0.565365, 'orbit': 0.011255, 'spectral': 0.101259}
| 05-12 07:07:25 MMD_full ego_small_[0.1, 0.2, 0.4, 0.6, 0.8, 1.6].pth-proj-1.0-fixed1 128: {'degree': 0.017319, 'cluster': 0.040252, 'orbit': 0.007519, 'spectral': 0.028867}
| 05-12 07:12:03 MMD_full ego_small_[0.1, 0.2, 0.4, 0.6, 0.8, 1.6].pth-proj-1.0-fixed1 128: {'degree': 0.05302, 'cluster': 0.104862, 'orbit': 0.021569, 'spectral': 0.035877}
| 05-12 07:16:36 MMD_full ego_small_[0.1, 0.2, 0.4, 0.6, 0.8, 1.6].pth-proj-1.0-fixed1 128: {'degree': 0.057797, 'cluster': 0.077973, 'orbit': 0.020584, 'spectral': 0.040169}
| 05-12 07:16:36 best_config ego_small_[0.1, 0.2, 0.4, 0.6, 0.8, 1.6].pth-proj-1.0-fixed1 iter: {'step_size_ratio': 0.05, 'eps': 1.0, 'best_batch_mmd': {'degree': 0.026948, 'cluster': 0.016754, 'orbit': 0.008989, 'spectral': 0.029951}}
| 05-12 08:00:33 MMD_full ego_small_[0.1, 0.2, 0.4, 0.6, 0.8, 1.6].pth-proj-1.0-fixed1 1024: {'degree': 0.013491, 'cluster': 0.017104, 'orbit': 0.002869, 'spectral': 0.021443}
