| 05-14 21:07:55 EXPERIMENT BEGIN: 
| 05-14 21:07:55 logging into exp/ego_small/edp-gnn_ego_small__May-14-21-07-55_1437140/sample/info.log
| 05-14 21:07:55 load dataset: ego_small
200
| 05-14 21:08:06 model: EdgeDensePredictionGraphScoreNetwork(
  (gnn_list): ModuleList(
    (0): EdgeDensePredictionGNNLayer(
      (multi_channel_gnn_module): GIN(
        (linear_prediction): ModuleList(
          (0): Sequential(
            (0): Linear(in_features=3, out_features=32, bias=True)
            (1): LeakyReLU(negative_slope=0.01)
            (2): Linear(in_features=32, out_features=16, bias=True)
          )
          (1): Sequential(
            (0): Linear(in_features=16, out_features=32, bias=True)
            (1): LeakyReLU(negative_slope=0.01)
            (2): Linear(in_features=32, out_features=16, bias=True)
          )
          (2): Sequential(
            (0): Linear(in_features=16, out_features=32, bias=True)
            (1): LeakyReLU(negative_slope=0.01)
            (2): Linear(in_features=32, out_features=16, bias=True)
          )
          (3): Sequential(
            (0): Linear(in_features=16, out_features=32, bias=True)
            (1): LeakyReLU(negative_slope=0.01)
            (2): Linear(in_features=32, out_features=16, bias=True)
          )
          (4): Sequential(
            (0): Linear(in_features=16, out_features=32, bias=True)
            (1): LeakyReLU(negative_slope=0.01)
            (2): Linear(in_features=32, out_features=16, bias=True)
          )
        )
        (layers): ModuleList(
          (0): MLP(
            (linears): ModuleList(
              (0): Linear(in_features=6, out_features=32, bias=True)
              (1): Linear(in_features=32, out_features=16, bias=True)
            )
          )
          (1): MLP(
            (linears): ModuleList(
              (0): Linear(in_features=32, out_features=32, bias=True)
              (1): Linear(in_features=32, out_features=16, bias=True)
            )
          )
          (2): MLP(
            (linears): ModuleList(
              (0): Linear(in_features=32, out_features=32, bias=True)
              (1): Linear(in_features=32, out_features=16, bias=True)
            )
          )
          (3): MLP(
            (linears): ModuleList(
              (0): Linear(in_features=32, out_features=32, bias=True)
              (1): Linear(in_features=32, out_features=16, bias=True)
            )
          )
        )
      )
      (translate_mlp): MLP(
        (linears): ModuleList(
          (0): Linear(in_features=34, out_features=4, bias=True)
          (1): Linear(in_features=4, out_features=4, bias=True)
          (2): Linear(in_features=4, out_features=2, bias=True)
        )
        (batch_norms): ModuleList(
          (0): BatchNorm1d(4, eps=1e-05, momentum=0.1, affine=True, track_running_stats=True)
          (1): BatchNorm1d(4, eps=1e-05, momentum=0.1, affine=True, track_running_stats=True)
        )
        (cond_layers): ModuleList(
          (0): ConditionalLayer1d()
          (1): ConditionalLayer1d()
        )
      )
    )
    (1): EdgeDensePredictionGNNLayer(
      (multi_channel_gnn_module): GIN(
        (linear_prediction): ModuleList(
          (0): Sequential(
            (0): Linear(in_features=18, out_features=36, bias=True)
            (1): LeakyReLU(negative_slope=0.01)
            (2): Linear(in_features=36, out_features=16, bias=True)
          )
          (1): Sequential(
            (0): Linear(in_features=16, out_features=36, bias=True)
            (1): LeakyReLU(negative_slope=0.01)
            (2): Linear(in_features=36, out_features=16, bias=True)
          )
          (2): Sequential(
            (0): Linear(in_features=16, out_features=36, bias=True)
            (1): LeakyReLU(negative_slope=0.01)
            (2): Linear(in_features=36, out_features=16, bias=True)
          )
          (3): Sequential(
            (0): Linear(in_features=16, out_features=36, bias=True)
            (1): LeakyReLU(negative_slope=0.01)
            (2): Linear(in_features=36, out_features=16, bias=True)
          )
          (4): Sequential(
            (0): Linear(in_features=16, out_features=36, bias=True)
            (1): LeakyReLU(negative_slope=0.01)
            (2): Linear(in_features=36, out_features=16, bias=True)
          )
        )
        (layers): ModuleList(
          (0): MLP(
            (linears): ModuleList(
              (0): Linear(in_features=36, out_features=36, bias=True)
              (1): Linear(in_features=36, out_features=16, bias=True)
            )
          )
          (1): MLP(
            (linears): ModuleList(
              (0): Linear(in_features=32, out_features=36, bias=True)
              (1): Linear(in_features=36, out_features=16, bias=True)
            )
          )
          (2): MLP(
            (linears): ModuleList(
              (0): Linear(in_features=32, out_features=36, bias=True)
              (1): Linear(in_features=36, out_features=16, bias=True)
            )
          )
          (3): MLP(
            (linears): ModuleList(
              (0): Linear(in_features=32, out_features=36, bias=True)
              (1): Linear(in_features=36, out_features=16, bias=True)
            )
          )
        )
      )
      (translate_mlp): MLP(
        (linears): ModuleList(
          (0): Linear(in_features=34, out_features=8, bias=True)
          (1): Linear(in_features=8, out_features=8, bias=True)
          (2): Linear(in_features=8, out_features=4, bias=True)
        )
        (batch_norms): ModuleList(
          (0): BatchNorm1d(8, eps=1e-05, momentum=0.1, affine=True, track_running_stats=True)
          (1): BatchNorm1d(8, eps=1e-05, momentum=0.1, affine=True, track_running_stats=True)
        )
        (cond_layers): ModuleList(
          (0): ConditionalLayer1d()
          (1): ConditionalLayer1d()
        )
      )
    )
    (2): EdgeDensePredictionGNNLayer(
      (multi_channel_gnn_module): GIN(
        (linear_prediction): ModuleList(
          (0): Sequential(
            (0): Linear(in_features=20, out_features=40, bias=True)
            (1): LeakyReLU(negative_slope=0.01)
            (2): Linear(in_features=40, out_features=16, bias=True)
          )
          (1): Sequential(
            (0): Linear(in_features=16, out_features=40, bias=True)
            (1): LeakyReLU(negative_slope=0.01)
            (2): Linear(in_features=40, out_features=16, bias=True)
          )
          (2): Sequential(
            (0): Linear(in_features=16, out_features=40, bias=True)
            (1): LeakyReLU(negative_slope=0.01)
            (2): Linear(in_features=40, out_features=16, bias=True)
          )
          (3): Sequential(
            (0): Linear(in_features=16, out_features=40, bias=True)
            (1): LeakyReLU(negative_slope=0.01)
            (2): Linear(in_features=40, out_features=16, bias=True)
          )
          (4): Sequential(
            (0): Linear(in_features=16, out_features=40, bias=True)
            (1): LeakyReLU(negative_slope=0.01)
            (2): Linear(in_features=40, out_features=16, bias=True)
          )
        )
        (layers): ModuleList(
          (0): MLP(
            (linears): ModuleList(
              (0): Linear(in_features=80, out_features=40, bias=True)
              (1): Linear(in_features=40, out_features=16, bias=True)
            )
          )
          (1): MLP(
            (linears): ModuleList(
              (0): Linear(in_features=64, out_features=40, bias=True)
              (1): Linear(in_features=40, out_features=16, bias=True)
            )
          )
          (2): MLP(
            (linears): ModuleList(
              (0): Linear(in_features=64, out_features=40, bias=True)
              (1): Linear(in_features=40, out_features=16, bias=True)
            )
          )
          (3): MLP(
            (linears): ModuleList(
              (0): Linear(in_features=64, out_features=40, bias=True)
              (1): Linear(in_features=40, out_features=16, bias=True)
            )
          )
        )
      )
      (translate_mlp): MLP(
        (linears): ModuleList(
          (0): Linear(in_features=36, out_features=8, bias=True)
          (1): Linear(in_features=8, out_features=8, bias=True)
          (2): Linear(in_features=8, out_features=4, bias=True)
        )
        (batch_norms): ModuleList(
          (0): BatchNorm1d(8, eps=1e-05, momentum=0.1, affine=True, track_running_stats=True)
          (1): BatchNorm1d(8, eps=1e-05, momentum=0.1, affine=True, track_running_stats=True)
        )
        (cond_layers): ModuleList(
          (0): ConditionalLayer1d()
          (1): ConditionalLayer1d()
        )
      )
    )
    (3): EdgeDensePredictionGNNLayer(
      (multi_channel_gnn_module): GIN(
        (linear_prediction): ModuleList(
          (0): Sequential(
            (0): Linear(in_features=20, out_features=40, bias=True)
            (1): LeakyReLU(negative_slope=0.01)
            (2): Linear(in_features=40, out_features=16, bias=True)
          )
          (1): Sequential(
            (0): Linear(in_features=16, out_features=40, bias=True)
            (1): LeakyReLU(negative_slope=0.01)
            (2): Linear(in_features=40, out_features=16, bias=True)
          )
          (2): Sequential(
            (0): Linear(in_features=16, out_features=40, bias=True)
            (1): LeakyReLU(negative_slope=0.01)
            (2): Linear(in_features=40, out_features=16, bias=True)
          )
          (3): Sequential(
            (0): Linear(in_features=16, out_features=40, bias=True)
            (1): LeakyReLU(negative_slope=0.01)
            (2): Linear(in_features=40, out_features=16, bias=True)
          )
          (4): Sequential(
            (0): Linear(in_features=16, out_features=40, bias=True)
            (1): LeakyReLU(negative_slope=0.01)
            (2): Linear(in_features=40, out_features=16, bias=True)
          )
        )
        (layers): ModuleList(
          (0): MLP(
            (linears): ModuleList(
              (0): Linear(in_features=80, out_features=40, bias=True)
              (1): Linear(in_features=40, out_features=16, bias=True)
            )
          )
          (1): MLP(
            (linears): ModuleList(
              (0): Linear(in_features=64, out_features=40, bias=True)
              (1): Linear(in_features=40, out_features=16, bias=True)
            )
          )
          (2): MLP(
            (linears): ModuleList(
              (0): Linear(in_features=64, out_features=40, bias=True)
              (1): Linear(in_features=40, out_features=16, bias=True)
            )
          )
          (3): MLP(
            (linears): ModuleList(
              (0): Linear(in_features=64, out_features=40, bias=True)
              (1): Linear(in_features=40, out_features=16, bias=True)
            )
          )
        )
      )
      (translate_mlp): MLP(
        (linears): ModuleList(
          (0): Linear(in_features=36, out_features=8, bias=True)
          (1): Linear(in_features=8, out_features=8, bias=True)
          (2): Linear(in_features=8, out_features=4, bias=True)
        )
        (batch_norms): ModuleList(
          (0): BatchNorm1d(8, eps=1e-05, momentum=0.1, affine=True, track_running_stats=True)
          (1): BatchNorm1d(8, eps=1e-05, momentum=0.1, affine=True, track_running_stats=True)
        )
        (cond_layers): ModuleList(
          (0): ConditionalLayer1d()
          (1): ConditionalLayer1d()
        )
      )
    )
    (4): EdgeDensePredictionGNNLayer(
      (multi_channel_gnn_module): GIN(
        (linear_prediction): ModuleList(
          (0): Sequential(
            (0): Linear(in_features=20, out_features=40, bias=True)
            (1): LeakyReLU(negative_slope=0.01)
            (2): Linear(in_features=40, out_features=16, bias=True)
          )
          (1): Sequential(
            (0): Linear(in_features=16, out_features=40, bias=True)
            (1): LeakyReLU(negative_slope=0.01)
            (2): Linear(in_features=40, out_features=16, bias=True)
          )
          (2): Sequential(
            (0): Linear(in_features=16, out_features=40, bias=True)
            (1): LeakyReLU(negative_slope=0.01)
            (2): Linear(in_features=40, out_features=16, bias=True)
          )
          (3): Sequential(
            (0): Linear(in_features=16, out_features=40, bias=True)
            (1): LeakyReLU(negative_slope=0.01)
            (2): Linear(in_features=40, out_features=16, bias=True)
          )
          (4): Sequential(
            (0): Linear(in_features=16, out_features=40, bias=True)
            (1): LeakyReLU(negative_slope=0.01)
            (2): Linear(in_features=40, out_features=16, bias=True)
          )
        )
        (layers): ModuleList(
          (0): MLP(
            (linears): ModuleList(
              (0): Linear(in_features=80, out_features=40, bias=True)
              (1): Linear(in_features=40, out_features=16, bias=True)
            )
          )
          (1): MLP(
            (linears): ModuleList(
              (0): Linear(in_features=64, out_features=40, bias=True)
              (1): Linear(in_features=40, out_features=16, bias=True)
            )
          )
          (2): MLP(
            (linears): ModuleList(
              (0): Linear(in_features=64, out_features=40, bias=True)
              (1): Linear(in_features=40, out_features=16, bias=True)
            )
          )
          (3): MLP(
            (linears): ModuleList(
              (0): Linear(in_features=64, out_features=40, bias=True)
              (1): Linear(in_features=40, out_features=16, bias=True)
            )
          )
        )
      )
      (translate_mlp): MLP(
        (linears): ModuleList(
          (0): Linear(in_features=36, out_features=8, bias=True)
          (1): Linear(in_features=8, out_features=8, bias=True)
          (2): Linear(in_features=8, out_features=2, bias=True)
        )
        (batch_norms): ModuleList(
          (0): BatchNorm1d(8, eps=1e-05, momentum=0.1, affine=True, track_running_stats=True)
          (1): BatchNorm1d(8, eps=1e-05, momentum=0.1, affine=True, track_running_stats=True)
        )
        (cond_layers): ModuleList(
          (0): ConditionalLayer1d()
          (1): ConditionalLayer1d()
        )
      )
    )
  )
  (final_read_score): MLP(
    (linears): ModuleList(
      (0): Linear(in_features=18, out_features=36, bias=True)
      (1): Linear(in_features=36, out_features=36, bias=True)
      (2): Linear(in_features=36, out_features=1, bias=True)
    )
    (cond_layers): ModuleList(
      (0): ConditionalLayer1d()
      (1): ConditionalLayer1d()
    )
  )
)
| 05-14 21:18:24 MMD_full edp-gnn-proj-1.0-fixed1-zeros,49.22 128: {'degree': 0.179427, 'cluster': 0.575853, 'orbit': 0.018521, 'spectral': 0.108924}
| 05-14 21:25:06 MMD_full edp-gnn-proj-1.0-fixed1-zeros,49.22 128: {'degree': 0.009863, 'cluster': 0.009624, 'orbit': 0.001447, 'spectral': 0.025679}
| 05-14 21:29:58 MMD_full edp-gnn-proj-1.0-fixed1-zeros,49.22 128: {'degree': 0.172834, 'cluster': 0.565365, 'orbit': 0.013716, 'spectral': 0.106583}
| 05-14 21:34:48 MMD_full edp-gnn-proj-1.0-fixed1-zeros,49.22 128: {'degree': 0.024788, 'cluster': 0.041064, 'orbit': 0.010294, 'spectral': 0.031132}
| 05-14 21:39:40 MMD_full edp-gnn-proj-1.0-fixed1-zeros,49.22 128: {'degree': 0.051325, 'cluster': 0.106272, 'orbit': 0.015394, 'spectral': 0.046004}
| 05-14 21:44:36 MMD_full edp-gnn-proj-1.0-fixed1-zeros,49.22 128: {'degree': 0.091287, 'cluster': 0.124584, 'orbit': 0.019689, 'spectral': 0.047356}
| 05-14 21:44:36 best_config edp-gnn-proj-1.0-fixed1-zeros,49.22 iter: {'step_size_ratio': 0.05, 'eps': 1.0, 'best_batch_mmd': {'degree': 0.009863, 'cluster': 0.009624, 'orbit': 0.001447, 'spectral': 0.025679}}
| 05-14 22:27:26 MMD_full edp-gnn-proj-1.0-fixed1-zeros,49.22 1024: {'degree': 0.014346, 'cluster': 0.015385, 'orbit': 0.002155, 'spectral': 0.02169}
