| 05-13 16:47:10 EXPERIMENT BEGIN: 
| 05-13 16:47:10 logging into exp/zinc/edp-gnn_ZINC250k__May-13-16-47-10_570939/info.log
| 05-13 16:48:37 model: EdgeDensePredictionGraphScoreNetwork(
  (gnn_list): ModuleList(
    (0): EdgeDensePredictionGNNLayer(
      (multi_channel_gnn_module): GIN(
        (linear_prediction): ModuleList(
          (0): Sequential(
            (0): Linear(in_features=11, out_features=32, bias=True)
            (1): LeakyReLU(negative_slope=0.01)
            (2): Linear(in_features=32, out_features=16, bias=True)
          )
          (1): Sequential(
            (0): Linear(in_features=16, out_features=32, bias=True)
            (1): LeakyReLU(negative_slope=0.01)
            (2): Linear(in_features=32, out_features=16, bias=True)
          )
          (2): Sequential(
            (0): Linear(in_features=16, out_features=32, bias=True)
            (1): LeakyReLU(negative_slope=0.01)
            (2): Linear(in_features=32, out_features=16, bias=True)
          )
          (3): Sequential(
            (0): Linear(in_features=16, out_features=32, bias=True)
            (1): LeakyReLU(negative_slope=0.01)
            (2): Linear(in_features=32, out_features=16, bias=True)
          )
          (4): Sequential(
            (0): Linear(in_features=16, out_features=32, bias=True)
            (1): LeakyReLU(negative_slope=0.01)
            (2): Linear(in_features=32, out_features=16, bias=True)
          )
        )
        (layers): ModuleList(
          (0): MLP(
            (linears): ModuleList(
              (0): Linear(in_features=22, out_features=32, bias=True)
              (1): Linear(in_features=32, out_features=16, bias=True)
            )
          )
          (1): MLP(
            (linears): ModuleList(
              (0): Linear(in_features=32, out_features=32, bias=True)
              (1): Linear(in_features=32, out_features=16, bias=True)
            )
          )
          (2): MLP(
            (linears): ModuleList(
              (0): Linear(in_features=32, out_features=32, bias=True)
              (1): Linear(in_features=32, out_features=16, bias=True)
            )
          )
          (3): MLP(
            (linears): ModuleList(
              (0): Linear(in_features=32, out_features=32, bias=True)
              (1): Linear(in_features=32, out_features=16, bias=True)
            )
          )
        )
      )
      (translate_mlp): MLP(
        (linears): ModuleList(
          (0): Linear(in_features=34, out_features=4, bias=True)
          (1): Linear(in_features=4, out_features=4, bias=True)
          (2): Linear(in_features=4, out_features=2, bias=True)
        )
        (batch_norms): ModuleList(
          (0): BatchNorm1d(4, eps=1e-05, momentum=0.1, affine=True, track_running_stats=True)
          (1): BatchNorm1d(4, eps=1e-05, momentum=0.1, affine=True, track_running_stats=True)
        )
        (cond_layers): ModuleList(
          (0): ConditionalLayer1d()
          (1): ConditionalLayer1d()
        )
      )
    )
    (1): EdgeDensePredictionGNNLayer(
      (multi_channel_gnn_module): GIN(
        (linear_prediction): ModuleList(
          (0): Sequential(
            (0): Linear(in_features=18, out_features=36, bias=True)
            (1): LeakyReLU(negative_slope=0.01)
            (2): Linear(in_features=36, out_features=16, bias=True)
          )
          (1): Sequential(
            (0): Linear(in_features=16, out_features=36, bias=True)
            (1): LeakyReLU(negative_slope=0.01)
            (2): Linear(in_features=36, out_features=16, bias=True)
          )
          (2): Sequential(
            (0): Linear(in_features=16, out_features=36, bias=True)
            (1): LeakyReLU(negative_slope=0.01)
            (2): Linear(in_features=36, out_features=16, bias=True)
          )
          (3): Sequential(
            (0): Linear(in_features=16, out_features=36, bias=True)
            (1): LeakyReLU(negative_slope=0.01)
            (2): Linear(in_features=36, out_features=16, bias=True)
          )
          (4): Sequential(
            (0): Linear(in_features=16, out_features=36, bias=True)
            (1): LeakyReLU(negative_slope=0.01)
            (2): Linear(in_features=36, out_features=16, bias=True)
          )
        )
        (layers): ModuleList(
          (0): MLP(
            (linears): ModuleList(
              (0): Linear(in_features=36, out_features=36, bias=True)
              (1): Linear(in_features=36, out_features=16, bias=True)
            )
          )
          (1): MLP(
            (linears): ModuleList(
              (0): Linear(in_features=32, out_features=36, bias=True)
              (1): Linear(in_features=36, out_features=16, bias=True)
            )
          )
          (2): MLP(
            (linears): ModuleList(
              (0): Linear(in_features=32, out_features=36, bias=True)
              (1): Linear(in_features=36, out_features=16, bias=True)
            )
          )
          (3): MLP(
            (linears): ModuleList(
              (0): Linear(in_features=32, out_features=36, bias=True)
              (1): Linear(in_features=36, out_features=16, bias=True)
            )
          )
        )
      )
      (translate_mlp): MLP(
        (linears): ModuleList(
          (0): Linear(in_features=34, out_features=8, bias=True)
          (1): Linear(in_features=8, out_features=8, bias=True)
          (2): Linear(in_features=8, out_features=4, bias=True)
        )
        (batch_norms): ModuleList(
          (0): BatchNorm1d(8, eps=1e-05, momentum=0.1, affine=True, track_running_stats=True)
          (1): BatchNorm1d(8, eps=1e-05, momentum=0.1, affine=True, track_running_stats=True)
        )
        (cond_layers): ModuleList(
          (0): ConditionalLayer1d()
          (1): ConditionalLayer1d()
        )
      )
    )
    (2): EdgeDensePredictionGNNLayer(
      (multi_channel_gnn_module): GIN(
        (linear_prediction): ModuleList(
          (0): Sequential(
            (0): Linear(in_features=20, out_features=40, bias=True)
            (1): LeakyReLU(negative_slope=0.01)
            (2): Linear(in_features=40, out_features=16, bias=True)
          )
          (1): Sequential(
            (0): Linear(in_features=16, out_features=40, bias=True)
            (1): LeakyReLU(negative_slope=0.01)
            (2): Linear(in_features=40, out_features=16, bias=True)
          )
          (2): Sequential(
            (0): Linear(in_features=16, out_features=40, bias=True)
            (1): LeakyReLU(negative_slope=0.01)
            (2): Linear(in_features=40, out_features=16, bias=True)
          )
          (3): Sequential(
            (0): Linear(in_features=16, out_features=40, bias=True)
            (1): LeakyReLU(negative_slope=0.01)
            (2): Linear(in_features=40, out_features=16, bias=True)
          )
          (4): Sequential(
            (0): Linear(in_features=16, out_features=40, bias=True)
            (1): LeakyReLU(negative_slope=0.01)
            (2): Linear(in_features=40, out_features=16, bias=True)
          )
        )
        (layers): ModuleList(
          (0): MLP(
            (linears): ModuleList(
              (0): Linear(in_features=80, out_features=40, bias=True)
              (1): Linear(in_features=40, out_features=16, bias=True)
            )
          )
          (1): MLP(
            (linears): ModuleList(
              (0): Linear(in_features=64, out_features=40, bias=True)
              (1): Linear(in_features=40, out_features=16, bias=True)
            )
          )
          (2): MLP(
            (linears): ModuleList(
              (0): Linear(in_features=64, out_features=40, bias=True)
              (1): Linear(in_features=40, out_features=16, bias=True)
            )
          )
          (3): MLP(
            (linears): ModuleList(
              (0): Linear(in_features=64, out_features=40, bias=True)
              (1): Linear(in_features=40, out_features=16, bias=True)
            )
          )
        )
      )
      (translate_mlp): MLP(
        (linears): ModuleList(
          (0): Linear(in_features=36, out_features=8, bias=True)
          (1): Linear(in_features=8, out_features=8, bias=True)
          (2): Linear(in_features=8, out_features=4, bias=True)
        )
        (batch_norms): ModuleList(
          (0): BatchNorm1d(8, eps=1e-05, momentum=0.1, affine=True, track_running_stats=True)
          (1): BatchNorm1d(8, eps=1e-05, momentum=0.1, affine=True, track_running_stats=True)
        )
        (cond_layers): ModuleList(
          (0): ConditionalLayer1d()
          (1): ConditionalLayer1d()
        )
      )
    )
    (3): EdgeDensePredictionGNNLayer(
      (multi_channel_gnn_module): GIN(
        (linear_prediction): ModuleList(
          (0): Sequential(
            (0): Linear(in_features=20, out_features=40, bias=True)
            (1): LeakyReLU(negative_slope=0.01)
            (2): Linear(in_features=40, out_features=16, bias=True)
          )
          (1): Sequential(
            (0): Linear(in_features=16, out_features=40, bias=True)
            (1): LeakyReLU(negative_slope=0.01)
            (2): Linear(in_features=40, out_features=16, bias=True)
          )
          (2): Sequential(
            (0): Linear(in_features=16, out_features=40, bias=True)
            (1): LeakyReLU(negative_slope=0.01)
            (2): Linear(in_features=40, out_features=16, bias=True)
          )
          (3): Sequential(
            (0): Linear(in_features=16, out_features=40, bias=True)
            (1): LeakyReLU(negative_slope=0.01)
            (2): Linear(in_features=40, out_features=16, bias=True)
          )
          (4): Sequential(
            (0): Linear(in_features=16, out_features=40, bias=True)
            (1): LeakyReLU(negative_slope=0.01)
            (2): Linear(in_features=40, out_features=16, bias=True)
          )
        )
        (layers): ModuleList(
          (0): MLP(
            (linears): ModuleList(
              (0): Linear(in_features=80, out_features=40, bias=True)
              (1): Linear(in_features=40, out_features=16, bias=True)
            )
          )
          (1): MLP(
            (linears): ModuleList(
              (0): Linear(in_features=64, out_features=40, bias=True)
              (1): Linear(in_features=40, out_features=16, bias=True)
            )
          )
          (2): MLP(
            (linears): ModuleList(
              (0): Linear(in_features=64, out_features=40, bias=True)
              (1): Linear(in_features=40, out_features=16, bias=True)
            )
          )
          (3): MLP(
            (linears): ModuleList(
              (0): Linear(in_features=64, out_features=40, bias=True)
              (1): Linear(in_features=40, out_features=16, bias=True)
            )
          )
        )
      )
      (translate_mlp): MLP(
        (linears): ModuleList(
          (0): Linear(in_features=36, out_features=8, bias=True)
          (1): Linear(in_features=8, out_features=8, bias=True)
          (2): Linear(in_features=8, out_features=4, bias=True)
        )
        (batch_norms): ModuleList(
          (0): BatchNorm1d(8, eps=1e-05, momentum=0.1, affine=True, track_running_stats=True)
          (1): BatchNorm1d(8, eps=1e-05, momentum=0.1, affine=True, track_running_stats=True)
        )
        (cond_layers): ModuleList(
          (0): ConditionalLayer1d()
          (1): ConditionalLayer1d()
        )
      )
    )
    (4): EdgeDensePredictionGNNLayer(
      (multi_channel_gnn_module): GIN(
        (linear_prediction): ModuleList(
          (0): Sequential(
            (0): Linear(in_features=20, out_features=40, bias=True)
            (1): LeakyReLU(negative_slope=0.01)
            (2): Linear(in_features=40, out_features=16, bias=True)
          )
          (1): Sequential(
            (0): Linear(in_features=16, out_features=40, bias=True)
            (1): LeakyReLU(negative_slope=0.01)
            (2): Linear(in_features=40, out_features=16, bias=True)
          )
          (2): Sequential(
            (0): Linear(in_features=16, out_features=40, bias=True)
            (1): LeakyReLU(negative_slope=0.01)
            (2): Linear(in_features=40, out_features=16, bias=True)
          )
          (3): Sequential(
            (0): Linear(in_features=16, out_features=40, bias=True)
            (1): LeakyReLU(negative_slope=0.01)
            (2): Linear(in_features=40, out_features=16, bias=True)
          )
          (4): Sequential(
            (0): Linear(in_features=16, out_features=40, bias=True)
            (1): LeakyReLU(negative_slope=0.01)
            (2): Linear(in_features=40, out_features=16, bias=True)
          )
        )
        (layers): ModuleList(
          (0): MLP(
            (linears): ModuleList(
              (0): Linear(in_features=80, out_features=40, bias=True)
              (1): Linear(in_features=40, out_features=16, bias=True)
            )
          )
          (1): MLP(
            (linears): ModuleList(
              (0): Linear(in_features=64, out_features=40, bias=True)
              (1): Linear(in_features=40, out_features=16, bias=True)
            )
          )
          (2): MLP(
            (linears): ModuleList(
              (0): Linear(in_features=64, out_features=40, bias=True)
              (1): Linear(in_features=40, out_features=16, bias=True)
            )
          )
          (3): MLP(
            (linears): ModuleList(
              (0): Linear(in_features=64, out_features=40, bias=True)
              (1): Linear(in_features=40, out_features=16, bias=True)
            )
          )
        )
      )
      (translate_mlp): MLP(
        (linears): ModuleList(
          (0): Linear(in_features=36, out_features=8, bias=True)
          (1): Linear(in_features=8, out_features=8, bias=True)
          (2): Linear(in_features=8, out_features=2, bias=True)
        )
        (batch_norms): ModuleList(
          (0): BatchNorm1d(8, eps=1e-05, momentum=0.1, affine=True, track_running_stats=True)
          (1): BatchNorm1d(8, eps=1e-05, momentum=0.1, affine=True, track_running_stats=True)
        )
        (cond_layers): ModuleList(
          (0): ConditionalLayer1d()
          (1): ConditionalLayer1d()
        )
      )
    )
  )
  (final_read_score): MLP(
    (linears): ModuleList(
      (0): Linear(in_features=18, out_features=36, bias=True)
      (1): Linear(in_features=36, out_features=36, bias=True)
      (2): Linear(in_features=36, out_features=1, bias=True)
    )
    (cond_layers): ModuleList(
      (0): ConditionalLayer1d()
      (1): ConditionalLayer1d()
    )
  )
)
| 05-13 16:48:37 Parameters: 
gnn_list.0.multi_channel_gnn_module.eps ........................................................................ torch.Size([4])
gnn_list.0.multi_channel_gnn_module.linear_prediction.0.0.weight .......................................... torch.Size([32, 11])
gnn_list.0.multi_channel_gnn_module.linear_prediction.0.0.bias ................................................ torch.Size([32])
gnn_list.0.multi_channel_gnn_module.linear_prediction.0.2.weight .......................................... torch.Size([16, 32])
gnn_list.0.multi_channel_gnn_module.linear_prediction.0.2.bias ................................................ torch.Size([16])
gnn_list.0.multi_channel_gnn_module.linear_prediction.1.0.weight .......................................... torch.Size([32, 16])
gnn_list.0.multi_channel_gnn_module.linear_prediction.1.0.bias ................................................ torch.Size([32])
gnn_list.0.multi_channel_gnn_module.linear_prediction.1.2.weight .......................................... torch.Size([16, 32])
gnn_list.0.multi_channel_gnn_module.linear_prediction.1.2.bias ................................................ torch.Size([16])
gnn_list.0.multi_channel_gnn_module.linear_prediction.2.0.weight .......................................... torch.Size([32, 16])
gnn_list.0.multi_channel_gnn_module.linear_prediction.2.0.bias ................................................ torch.Size([32])
gnn_list.0.multi_channel_gnn_module.linear_prediction.2.2.weight .......................................... torch.Size([16, 32])
gnn_list.0.multi_channel_gnn_module.linear_prediction.2.2.bias ................................................ torch.Size([16])
gnn_list.0.multi_channel_gnn_module.linear_prediction.3.0.weight .......................................... torch.Size([32, 16])
gnn_list.0.multi_channel_gnn_module.linear_prediction.3.0.bias ................................................ torch.Size([32])
gnn_list.0.multi_channel_gnn_module.linear_prediction.3.2.weight .......................................... torch.Size([16, 32])
gnn_list.0.multi_channel_gnn_module.linear_prediction.3.2.bias ................................................ torch.Size([16])
gnn_list.0.multi_channel_gnn_module.linear_prediction.4.0.weight .......................................... torch.Size([32, 16])
gnn_list.0.multi_channel_gnn_module.linear_prediction.4.0.bias ................................................ torch.Size([32])
gnn_list.0.multi_channel_gnn_module.linear_prediction.4.2.weight .......................................... torch.Size([16, 32])
gnn_list.0.multi_channel_gnn_module.linear_prediction.4.2.bias ................................................ torch.Size([16])
gnn_list.0.multi_channel_gnn_module.layers.0.linears.0.weight ............................................. torch.Size([32, 22])
gnn_list.0.multi_channel_gnn_module.layers.0.linears.0.bias ................................................... torch.Size([32])
gnn_list.0.multi_channel_gnn_module.layers.0.linears.1.weight ............................................. torch.Size([16, 32])
gnn_list.0.multi_channel_gnn_module.layers.0.linears.1.bias ................................................... torch.Size([16])
gnn_list.0.multi_channel_gnn_module.layers.1.linears.0.weight ............................................. torch.Size([32, 32])
gnn_list.0.multi_channel_gnn_module.layers.1.linears.0.bias ................................................... torch.Size([32])
gnn_list.0.multi_channel_gnn_module.layers.1.linears.1.weight ............................................. torch.Size([16, 32])
gnn_list.0.multi_channel_gnn_module.layers.1.linears.1.bias ................................................... torch.Size([16])
gnn_list.0.multi_channel_gnn_module.layers.2.linears.0.weight ............................................. torch.Size([32, 32])
gnn_list.0.multi_channel_gnn_module.layers.2.linears.0.bias ................................................... torch.Size([32])
gnn_list.0.multi_channel_gnn_module.layers.2.linears.1.weight ............................................. torch.Size([16, 32])
gnn_list.0.multi_channel_gnn_module.layers.2.linears.1.bias ................................................... torch.Size([16])
gnn_list.0.multi_channel_gnn_module.layers.3.linears.0.weight ............................................. torch.Size([32, 32])
gnn_list.0.multi_channel_gnn_module.layers.3.linears.0.bias ................................................... torch.Size([32])
gnn_list.0.multi_channel_gnn_module.layers.3.linears.1.weight ............................................. torch.Size([16, 32])
gnn_list.0.multi_channel_gnn_module.layers.3.linears.1.bias ................................................... torch.Size([16])
gnn_list.0.translate_mlp.linears.0.weight .................................................................. torch.Size([4, 34])
gnn_list.0.translate_mlp.linears.0.bias ........................................................................ torch.Size([4])
gnn_list.0.translate_mlp.linears.1.weight ................................................................... torch.Size([4, 4])
gnn_list.0.translate_mlp.linears.1.bias ........................................................................ torch.Size([4])
gnn_list.0.translate_mlp.linears.2.weight ................................................................... torch.Size([2, 4])
gnn_list.0.translate_mlp.linears.2.bias ........................................................................ torch.Size([2])
gnn_list.0.translate_mlp.batch_norms.0.weight .................................................................. torch.Size([4])
gnn_list.0.translate_mlp.batch_norms.0.bias .................................................................... torch.Size([4])
gnn_list.0.translate_mlp.batch_norms.1.weight .................................................................. torch.Size([4])
gnn_list.0.translate_mlp.batch_norms.1.bias .................................................................... torch.Size([4])
gnn_list.0.translate_mlp.cond_layers.0.gain .............................................................. torch.Size([6, 1, 4])
gnn_list.0.translate_mlp.cond_layers.0.bias .............................................................. torch.Size([6, 1, 4])
gnn_list.0.translate_mlp.cond_layers.1.gain .............................................................. torch.Size([6, 1, 4])
gnn_list.0.translate_mlp.cond_layers.1.bias .............................................................. torch.Size([6, 1, 4])
gnn_list.1.multi_channel_gnn_module.eps ........................................................................ torch.Size([4])
gnn_list.1.multi_channel_gnn_module.linear_prediction.0.0.weight .......................................... torch.Size([36, 18])
gnn_list.1.multi_channel_gnn_module.linear_prediction.0.0.bias ................................................ torch.Size([36])
gnn_list.1.multi_channel_gnn_module.linear_prediction.0.2.weight .......................................... torch.Size([16, 36])
gnn_list.1.multi_channel_gnn_module.linear_prediction.0.2.bias ................................................ torch.Size([16])
gnn_list.1.multi_channel_gnn_module.linear_prediction.1.0.weight .......................................... torch.Size([36, 16])
gnn_list.1.multi_channel_gnn_module.linear_prediction.1.0.bias ................................................ torch.Size([36])
gnn_list.1.multi_channel_gnn_module.linear_prediction.1.2.weight .......................................... torch.Size([16, 36])
gnn_list.1.multi_channel_gnn_module.linear_prediction.1.2.bias ................................................ torch.Size([16])
gnn_list.1.multi_channel_gnn_module.linear_prediction.2.0.weight .......................................... torch.Size([36, 16])
gnn_list.1.multi_channel_gnn_module.linear_prediction.2.0.bias ................................................ torch.Size([36])
gnn_list.1.multi_channel_gnn_module.linear_prediction.2.2.weight .......................................... torch.Size([16, 36])
gnn_list.1.multi_channel_gnn_module.linear_prediction.2.2.bias ................................................ torch.Size([16])
gnn_list.1.multi_channel_gnn_module.linear_prediction.3.0.weight .......................................... torch.Size([36, 16])
gnn_list.1.multi_channel_gnn_module.linear_prediction.3.0.bias ................................................ torch.Size([36])
gnn_list.1.multi_channel_gnn_module.linear_prediction.3.2.weight .......................................... torch.Size([16, 36])
gnn_list.1.multi_channel_gnn_module.linear_prediction.3.2.bias ................................................ torch.Size([16])
gnn_list.1.multi_channel_gnn_module.linear_prediction.4.0.weight .......................................... torch.Size([36, 16])
gnn_list.1.multi_channel_gnn_module.linear_prediction.4.0.bias ................................................ torch.Size([36])
gnn_list.1.multi_channel_gnn_module.linear_prediction.4.2.weight .......................................... torch.Size([16, 36])
gnn_list.1.multi_channel_gnn_module.linear_prediction.4.2.bias ................................................ torch.Size([16])
gnn_list.1.multi_channel_gnn_module.layers.0.linears.0.weight ............................................. torch.Size([36, 36])
gnn_list.1.multi_channel_gnn_module.layers.0.linears.0.bias ................................................... torch.Size([36])
gnn_list.1.multi_channel_gnn_module.layers.0.linears.1.weight ............................................. torch.Size([16, 36])
gnn_list.1.multi_channel_gnn_module.layers.0.linears.1.bias ................................................... torch.Size([16])
gnn_list.1.multi_channel_gnn_module.layers.1.linears.0.weight ............................................. torch.Size([36, 32])
gnn_list.1.multi_channel_gnn_module.layers.1.linears.0.bias ................................................... torch.Size([36])
gnn_list.1.multi_channel_gnn_module.layers.1.linears.1.weight ............................................. torch.Size([16, 36])
gnn_list.1.multi_channel_gnn_module.layers.1.linears.1.bias ................................................... torch.Size([16])
gnn_list.1.multi_channel_gnn_module.layers.2.linears.0.weight ............................................. torch.Size([36, 32])
gnn_list.1.multi_channel_gnn_module.layers.2.linears.0.bias ................................................... torch.Size([36])
gnn_list.1.multi_channel_gnn_module.layers.2.linears.1.weight ............................................. torch.Size([16, 36])
gnn_list.1.multi_channel_gnn_module.layers.2.linears.1.bias ................................................... torch.Size([16])
gnn_list.1.multi_channel_gnn_module.layers.3.linears.0.weight ............................................. torch.Size([36, 32])
gnn_list.1.multi_channel_gnn_module.layers.3.linears.0.bias ................................................... torch.Size([36])
gnn_list.1.multi_channel_gnn_module.layers.3.linears.1.weight ............................................. torch.Size([16, 36])
gnn_list.1.multi_channel_gnn_module.layers.3.linears.1.bias ................................................... torch.Size([16])
gnn_list.1.translate_mlp.linears.0.weight .................................................................. torch.Size([8, 34])
gnn_list.1.translate_mlp.linears.0.bias ........................................................................ torch.Size([8])
gnn_list.1.translate_mlp.linears.1.weight ................................................................... torch.Size([8, 8])
gnn_list.1.translate_mlp.linears.1.bias ........................................................................ torch.Size([8])
gnn_list.1.translate_mlp.linears.2.weight ................................................................... torch.Size([4, 8])
gnn_list.1.translate_mlp.linears.2.bias ........................................................................ torch.Size([4])
gnn_list.1.translate_mlp.batch_norms.0.weight .................................................................. torch.Size([8])
gnn_list.1.translate_mlp.batch_norms.0.bias .................................................................... torch.Size([8])
gnn_list.1.translate_mlp.batch_norms.1.weight .................................................................. torch.Size([8])
gnn_list.1.translate_mlp.batch_norms.1.bias .................................................................... torch.Size([8])
gnn_list.1.translate_mlp.cond_layers.0.gain .............................................................. torch.Size([6, 1, 8])
gnn_list.1.translate_mlp.cond_layers.0.bias .............................................................. torch.Size([6, 1, 8])
gnn_list.1.translate_mlp.cond_layers.1.gain .............................................................. torch.Size([6, 1, 8])
gnn_list.1.translate_mlp.cond_layers.1.bias .............................................................. torch.Size([6, 1, 8])
gnn_list.2.multi_channel_gnn_module.eps ........................................................................ torch.Size([4])
gnn_list.2.multi_channel_gnn_module.linear_prediction.0.0.weight .......................................... torch.Size([40, 20])
gnn_list.2.multi_channel_gnn_module.linear_prediction.0.0.bias ................................................ torch.Size([40])
gnn_list.2.multi_channel_gnn_module.linear_prediction.0.2.weight .......................................... torch.Size([16, 40])
gnn_list.2.multi_channel_gnn_module.linear_prediction.0.2.bias ................................................ torch.Size([16])
gnn_list.2.multi_channel_gnn_module.linear_prediction.1.0.weight .......................................... torch.Size([40, 16])
gnn_list.2.multi_channel_gnn_module.linear_prediction.1.0.bias ................................................ torch.Size([40])
gnn_list.2.multi_channel_gnn_module.linear_prediction.1.2.weight .......................................... torch.Size([16, 40])
gnn_list.2.multi_channel_gnn_module.linear_prediction.1.2.bias ................................................ torch.Size([16])
gnn_list.2.multi_channel_gnn_module.linear_prediction.2.0.weight .......................................... torch.Size([40, 16])
gnn_list.2.multi_channel_gnn_module.linear_prediction.2.0.bias ................................................ torch.Size([40])
gnn_list.2.multi_channel_gnn_module.linear_prediction.2.2.weight .......................................... torch.Size([16, 40])
gnn_list.2.multi_channel_gnn_module.linear_prediction.2.2.bias ................................................ torch.Size([16])
gnn_list.2.multi_channel_gnn_module.linear_prediction.3.0.weight .......................................... torch.Size([40, 16])
gnn_list.2.multi_channel_gnn_module.linear_prediction.3.0.bias ................................................ torch.Size([40])
gnn_list.2.multi_channel_gnn_module.linear_prediction.3.2.weight .......................................... torch.Size([16, 40])
gnn_list.2.multi_channel_gnn_module.linear_prediction.3.2.bias ................................................ torch.Size([16])
gnn_list.2.multi_channel_gnn_module.linear_prediction.4.0.weight .......................................... torch.Size([40, 16])
gnn_list.2.multi_channel_gnn_module.linear_prediction.4.0.bias ................................................ torch.Size([40])
gnn_list.2.multi_channel_gnn_module.linear_prediction.4.2.weight .......................................... torch.Size([16, 40])
gnn_list.2.multi_channel_gnn_module.linear_prediction.4.2.bias ................................................ torch.Size([16])
gnn_list.2.multi_channel_gnn_module.layers.0.linears.0.weight ............................................. torch.Size([40, 80])
gnn_list.2.multi_channel_gnn_module.layers.0.linears.0.bias ................................................... torch.Size([40])
gnn_list.2.multi_channel_gnn_module.layers.0.linears.1.weight ............................................. torch.Size([16, 40])
gnn_list.2.multi_channel_gnn_module.layers.0.linears.1.bias ................................................... torch.Size([16])
gnn_list.2.multi_channel_gnn_module.layers.1.linears.0.weight ............................................. torch.Size([40, 64])
gnn_list.2.multi_channel_gnn_module.layers.1.linears.0.bias ................................................... torch.Size([40])
gnn_list.2.multi_channel_gnn_module.layers.1.linears.1.weight ............................................. torch.Size([16, 40])
gnn_list.2.multi_channel_gnn_module.layers.1.linears.1.bias ................................................... torch.Size([16])
gnn_list.2.multi_channel_gnn_module.layers.2.linears.0.weight ............................................. torch.Size([40, 64])
gnn_list.2.multi_channel_gnn_module.layers.2.linears.0.bias ................................................... torch.Size([40])
gnn_list.2.multi_channel_gnn_module.layers.2.linears.1.weight ............................................. torch.Size([16, 40])
gnn_list.2.multi_channel_gnn_module.layers.2.linears.1.bias ................................................... torch.Size([16])
gnn_list.2.multi_channel_gnn_module.layers.3.linears.0.weight ............................................. torch.Size([40, 64])
gnn_list.2.multi_channel_gnn_module.layers.3.linears.0.bias ................................................... torch.Size([40])
gnn_list.2.multi_channel_gnn_module.layers.3.linears.1.weight ............................................. torch.Size([16, 40])
gnn_list.2.multi_channel_gnn_module.layers.3.linears.1.bias ................................................... torch.Size([16])
gnn_list.2.translate_mlp.linears.0.weight .................................................................. torch.Size([8, 36])
gnn_list.2.translate_mlp.linears.0.bias ........................................................................ torch.Size([8])
gnn_list.2.translate_mlp.linears.1.weight ................................................................... torch.Size([8, 8])
gnn_list.2.translate_mlp.linears.1.bias ........................................................................ torch.Size([8])
gnn_list.2.translate_mlp.linears.2.weight ................................................................... torch.Size([4, 8])
gnn_list.2.translate_mlp.linears.2.bias ........................................................................ torch.Size([4])
gnn_list.2.translate_mlp.batch_norms.0.weight .................................................................. torch.Size([8])
gnn_list.2.translate_mlp.batch_norms.0.bias .................................................................... torch.Size([8])
gnn_list.2.translate_mlp.batch_norms.1.weight .................................................................. torch.Size([8])
gnn_list.2.translate_mlp.batch_norms.1.bias .................................................................... torch.Size([8])
gnn_list.2.translate_mlp.cond_layers.0.gain .............................................................. torch.Size([6, 1, 8])
gnn_list.2.translate_mlp.cond_layers.0.bias .............................................................. torch.Size([6, 1, 8])
gnn_list.2.translate_mlp.cond_layers.1.gain .............................................................. torch.Size([6, 1, 8])
gnn_list.2.translate_mlp.cond_layers.1.bias .............................................................. torch.Size([6, 1, 8])
gnn_list.3.multi_channel_gnn_module.eps ........................................................................ torch.Size([4])
gnn_list.3.multi_channel_gnn_module.linear_prediction.0.0.weight .......................................... torch.Size([40, 20])
gnn_list.3.multi_channel_gnn_module.linear_prediction.0.0.bias ................................................ torch.Size([40])
gnn_list.3.multi_channel_gnn_module.linear_prediction.0.2.weight .......................................... torch.Size([16, 40])
gnn_list.3.multi_channel_gnn_module.linear_prediction.0.2.bias ................................................ torch.Size([16])
gnn_list.3.multi_channel_gnn_module.linear_prediction.1.0.weight .......................................... torch.Size([40, 16])
gnn_list.3.multi_channel_gnn_module.linear_prediction.1.0.bias ................................................ torch.Size([40])
gnn_list.3.multi_channel_gnn_module.linear_prediction.1.2.weight .......................................... torch.Size([16, 40])
gnn_list.3.multi_channel_gnn_module.linear_prediction.1.2.bias ................................................ torch.Size([16])
gnn_list.3.multi_channel_gnn_module.linear_prediction.2.0.weight .......................................... torch.Size([40, 16])
gnn_list.3.multi_channel_gnn_module.linear_prediction.2.0.bias ................................................ torch.Size([40])
gnn_list.3.multi_channel_gnn_module.linear_prediction.2.2.weight .......................................... torch.Size([16, 40])
gnn_list.3.multi_channel_gnn_module.linear_prediction.2.2.bias ................................................ torch.Size([16])
gnn_list.3.multi_channel_gnn_module.linear_prediction.3.0.weight .......................................... torch.Size([40, 16])
gnn_list.3.multi_channel_gnn_module.linear_prediction.3.0.bias ................................................ torch.Size([40])
gnn_list.3.multi_channel_gnn_module.linear_prediction.3.2.weight .......................................... torch.Size([16, 40])
gnn_list.3.multi_channel_gnn_module.linear_prediction.3.2.bias ................................................ torch.Size([16])
gnn_list.3.multi_channel_gnn_module.linear_prediction.4.0.weight .......................................... torch.Size([40, 16])
gnn_list.3.multi_channel_gnn_module.linear_prediction.4.0.bias ................................................ torch.Size([40])
gnn_list.3.multi_channel_gnn_module.linear_prediction.4.2.weight .......................................... torch.Size([16, 40])
gnn_list.3.multi_channel_gnn_module.linear_prediction.4.2.bias ................................................ torch.Size([16])
gnn_list.3.multi_channel_gnn_module.layers.0.linears.0.weight ............................................. torch.Size([40, 80])
gnn_list.3.multi_channel_gnn_module.layers.0.linears.0.bias ................................................... torch.Size([40])
gnn_list.3.multi_channel_gnn_module.layers.0.linears.1.weight ............................................. torch.Size([16, 40])
gnn_list.3.multi_channel_gnn_module.layers.0.linears.1.bias ................................................... torch.Size([16])
gnn_list.3.multi_channel_gnn_module.layers.1.linears.0.weight ............................................. torch.Size([40, 64])
gnn_list.3.multi_channel_gnn_module.layers.1.linears.0.bias ................................................... torch.Size([40])
gnn_list.3.multi_channel_gnn_module.layers.1.linears.1.weight ............................................. torch.Size([16, 40])
gnn_list.3.multi_channel_gnn_module.layers.1.linears.1.bias ................................................... torch.Size([16])
gnn_list.3.multi_channel_gnn_module.layers.2.linears.0.weight ............................................. torch.Size([40, 64])
gnn_list.3.multi_channel_gnn_module.layers.2.linears.0.bias ................................................... torch.Size([40])
gnn_list.3.multi_channel_gnn_module.layers.2.linears.1.weight ............................................. torch.Size([16, 40])
gnn_list.3.multi_channel_gnn_module.layers.2.linears.1.bias ................................................... torch.Size([16])
gnn_list.3.multi_channel_gnn_module.layers.3.linears.0.weight ............................................. torch.Size([40, 64])
gnn_list.3.multi_channel_gnn_module.layers.3.linears.0.bias ................................................... torch.Size([40])
gnn_list.3.multi_channel_gnn_module.layers.3.linears.1.weight ............................................. torch.Size([16, 40])
gnn_list.3.multi_channel_gnn_module.layers.3.linears.1.bias ................................................... torch.Size([16])
gnn_list.3.translate_mlp.linears.0.weight .................................................................. torch.Size([8, 36])
gnn_list.3.translate_mlp.linears.0.bias ........................................................................ torch.Size([8])
gnn_list.3.translate_mlp.linears.1.weight ................................................................... torch.Size([8, 8])
gnn_list.3.translate_mlp.linears.1.bias ........................................................................ torch.Size([8])
gnn_list.3.translate_mlp.linears.2.weight ................................................................... torch.Size([4, 8])
gnn_list.3.translate_mlp.linears.2.bias ........................................................................ torch.Size([4])
gnn_list.3.translate_mlp.batch_norms.0.weight .................................................................. torch.Size([8])
gnn_list.3.translate_mlp.batch_norms.0.bias .................................................................... torch.Size([8])
gnn_list.3.translate_mlp.batch_norms.1.weight .................................................................. torch.Size([8])
gnn_list.3.translate_mlp.batch_norms.1.bias .................................................................... torch.Size([8])
gnn_list.3.translate_mlp.cond_layers.0.gain .............................................................. torch.Size([6, 1, 8])
gnn_list.3.translate_mlp.cond_layers.0.bias .............................................................. torch.Size([6, 1, 8])
gnn_list.3.translate_mlp.cond_layers.1.gain .............................................................. torch.Size([6, 1, 8])
gnn_list.3.translate_mlp.cond_layers.1.bias .............................................................. torch.Size([6, 1, 8])
gnn_list.4.multi_channel_gnn_module.eps ........................................................................ torch.Size([4])
gnn_list.4.multi_channel_gnn_module.linear_prediction.0.0.weight .......................................... torch.Size([40, 20])
gnn_list.4.multi_channel_gnn_module.linear_prediction.0.0.bias ................................................ torch.Size([40])
gnn_list.4.multi_channel_gnn_module.linear_prediction.0.2.weight .......................................... torch.Size([16, 40])
gnn_list.4.multi_channel_gnn_module.linear_prediction.0.2.bias ................................................ torch.Size([16])
gnn_list.4.multi_channel_gnn_module.linear_prediction.1.0.weight .......................................... torch.Size([40, 16])
gnn_list.4.multi_channel_gnn_module.linear_prediction.1.0.bias ................................................ torch.Size([40])
gnn_list.4.multi_channel_gnn_module.linear_prediction.1.2.weight .......................................... torch.Size([16, 40])
gnn_list.4.multi_channel_gnn_module.linear_prediction.1.2.bias ................................................ torch.Size([16])
gnn_list.4.multi_channel_gnn_module.linear_prediction.2.0.weight .......................................... torch.Size([40, 16])
gnn_list.4.multi_channel_gnn_module.linear_prediction.2.0.bias ................................................ torch.Size([40])
gnn_list.4.multi_channel_gnn_module.linear_prediction.2.2.weight .......................................... torch.Size([16, 40])
gnn_list.4.multi_channel_gnn_module.linear_prediction.2.2.bias ................................................ torch.Size([16])
gnn_list.4.multi_channel_gnn_module.linear_prediction.3.0.weight .......................................... torch.Size([40, 16])
gnn_list.4.multi_channel_gnn_module.linear_prediction.3.0.bias ................................................ torch.Size([40])
gnn_list.4.multi_channel_gnn_module.linear_prediction.3.2.weight .......................................... torch.Size([16, 40])
gnn_list.4.multi_channel_gnn_module.linear_prediction.3.2.bias ................................................ torch.Size([16])
gnn_list.4.multi_channel_gnn_module.linear_prediction.4.0.weight .......................................... torch.Size([40, 16])
gnn_list.4.multi_channel_gnn_module.linear_prediction.4.0.bias ................................................ torch.Size([40])
gnn_list.4.multi_channel_gnn_module.linear_prediction.4.2.weight .......................................... torch.Size([16, 40])
gnn_list.4.multi_channel_gnn_module.linear_prediction.4.2.bias ................................................ torch.Size([16])
gnn_list.4.multi_channel_gnn_module.layers.0.linears.0.weight ............................................. torch.Size([40, 80])
gnn_list.4.multi_channel_gnn_module.layers.0.linears.0.bias ................................................... torch.Size([40])
gnn_list.4.multi_channel_gnn_module.layers.0.linears.1.weight ............................................. torch.Size([16, 40])
gnn_list.4.multi_channel_gnn_module.layers.0.linears.1.bias ................................................... torch.Size([16])
gnn_list.4.multi_channel_gnn_module.layers.1.linears.0.weight ............................................. torch.Size([40, 64])
gnn_list.4.multi_channel_gnn_module.layers.1.linears.0.bias ................................................... torch.Size([40])
gnn_list.4.multi_channel_gnn_module.layers.1.linears.1.weight ............................................. torch.Size([16, 40])
gnn_list.4.multi_channel_gnn_module.layers.1.linears.1.bias ................................................... torch.Size([16])
gnn_list.4.multi_channel_gnn_module.layers.2.linears.0.weight ............................................. torch.Size([40, 64])
gnn_list.4.multi_channel_gnn_module.layers.2.linears.0.bias ................................................... torch.Size([40])
gnn_list.4.multi_channel_gnn_module.layers.2.linears.1.weight ............................................. torch.Size([16, 40])
gnn_list.4.multi_channel_gnn_module.layers.2.linears.1.bias ................................................... torch.Size([16])
gnn_list.4.multi_channel_gnn_module.layers.3.linears.0.weight ............................................. torch.Size([40, 64])
gnn_list.4.multi_channel_gnn_module.layers.3.linears.0.bias ................................................... torch.Size([40])
gnn_list.4.multi_channel_gnn_module.layers.3.linears.1.weight ............................................. torch.Size([16, 40])
gnn_list.4.multi_channel_gnn_module.layers.3.linears.1.bias ................................................... torch.Size([16])
gnn_list.4.translate_mlp.linears.0.weight .................................................................. torch.Size([8, 36])
gnn_list.4.translate_mlp.linears.0.bias ........................................................................ torch.Size([8])
gnn_list.4.translate_mlp.linears.1.weight ................................................................... torch.Size([8, 8])
gnn_list.4.translate_mlp.linears.1.bias ........................................................................ torch.Size([8])
gnn_list.4.translate_mlp.linears.2.weight ................................................................... torch.Size([2, 8])
gnn_list.4.translate_mlp.linears.2.bias ........................................................................ torch.Size([2])
gnn_list.4.translate_mlp.batch_norms.0.weight .................................................................. torch.Size([8])
gnn_list.4.translate_mlp.batch_norms.0.bias .................................................................... torch.Size([8])
gnn_list.4.translate_mlp.batch_norms.1.weight .................................................................. torch.Size([8])
gnn_list.4.translate_mlp.batch_norms.1.bias .................................................................... torch.Size([8])
gnn_list.4.translate_mlp.cond_layers.0.gain .............................................................. torch.Size([6, 1, 8])
gnn_list.4.translate_mlp.cond_layers.0.bias .............................................................. torch.Size([6, 1, 8])
gnn_list.4.translate_mlp.cond_layers.1.gain .............................................................. torch.Size([6, 1, 8])
gnn_list.4.translate_mlp.cond_layers.1.bias .............................................................. torch.Size([6, 1, 8])
final_read_score.linears.0.weight ......................................................................... torch.Size([36, 18])
final_read_score.linears.0.bias ............................................................................... torch.Size([36])
final_read_score.linears.1.weight ......................................................................... torch.Size([36, 36])
final_read_score.linears.1.bias ............................................................................... torch.Size([36])
final_read_score.linears.2.weight .......................................................................... torch.Size([1, 36])
final_read_score.linears.2.bias ................................................................................ torch.Size([1])
final_read_score.cond_layers.0.gain ..................................................................... torch.Size([6, 1, 36])
final_read_score.cond_layers.0.bias ..................................................................... torch.Size([6, 1, 36])
final_read_score.cond_layers.1.gain ..................................................................... torch.Size([6, 1, 36])
final_read_score.cond_layers.1.bias ..................................................................... torch.Size([6, 1, 36])
| 05-13 16:48:37 Parameters Count: 91781, Trainable: 91781
| 05-13 16:48:37 [0.1, 0.2, 0.4, 0.6, 0.8, 1.6], 0.0
| 05-13 17:22:30 epoch: 000| time: 2033.1s| train loss: +1.719e+02 | test loss: +1.414e+02 | 
| 05-13 17:22:30 epoch: 000| train loss i: [60.42	56.39	27.5 	14.66	 9.66	 3.3 ] test loss i: [46.84	50.12	23.68	11.87	 7.08	 1.86] | 
| 05-13 17:56:35 epoch: 001| time: 2045.3s| train loss: +1.326e+02 | test loss: +1.372e+02 | 
| 05-13 17:56:35 epoch: 001| train loss i: [41.08	47.26	23.69	11.78	 6.87	 1.86] test loss i: [45.15	46.87	24.15	12.03	 7.06	 1.9 ] | 
| 05-13 18:30:27 epoch: 002| time: 2032.3s| train loss: +1.214e+02 | test loss: +1.181e+02 | 
| 05-13 18:30:27 epoch: 002| train loss i: [32.38	45.09	23.51	11.73	 6.84	 1.82] test loss i: [29.87	44.63	23.32	11.66	 6.8 	 1.76] | 
| 05-13 19:04:15 epoch: 003| time: 2027.3s| train loss: +1.161e+02 | test loss: +1.146e+02 | 
| 05-13 19:04:15 epoch: 003| train loss i: [28.49	44.07	23.23	11.66	 6.8 	 1.8 ] test loss i: [27.45	43.76	23.1 	11.62	 6.78	 1.86] | 
| 05-13 19:37:57 epoch: 004| time: 2022.6s| train loss: +1.199e+02 | test loss: +1.194e+02 | 
| 05-13 19:37:57 epoch: 004| train loss i: [31.3 	44.97	23.37	11.67	 6.81	 1.82] test loss i: [31.08	44.76	23.27	11.65	 6.81	 1.79] | 
| 05-13 20:11:38 epoch: 005| time: 2020.3s| train loss: +1.169e+02 | test loss: +1.186e+02 | 
| 05-13 20:11:38 epoch: 005| train loss i: [29.24	44.25	23.16	11.63	 6.79	 1.79] test loss i: [30.76	44.4 	23.12	11.67	 6.8 	 1.82] | 
| 05-13 20:46:20 epoch: 006| time: 2082.9s| train loss: +1.137e+02 | test loss: +1.129e+02 | 
| 05-13 20:46:20 epoch: 006| train loss i: [26.91	43.61	23.05	11.58	 6.76	 1.79] test loss i: [26.28	43.36	23.1 	11.6 	 6.77	 1.78] | 
