| 05-14 22:24:02 EXPERIMENT BEGIN: 
| 05-14 22:24:02 logging into exp/ego_small/edp-gnn_ego_small__May-14-22-24-02_1598319/sample/info.log
| 05-14 22:24:02 load dataset: ego_small
200
| 05-14 22:24:22 model: EdgeDensePredictionGraphScoreNetwork(
  (gnn_list): ModuleList(
    (0): EdgeDensePredictionGNNLayer(
      (multi_channel_gnn_module): GIN(
        (linear_prediction): ModuleList(
          (0): Sequential(
            (0): Linear(in_features=3, out_features=32, bias=True)
            (1): LeakyReLU(negative_slope=0.01)
            (2): Linear(in_features=32, out_features=16, bias=True)
          )
          (1): Sequential(
            (0): Linear(in_features=16, out_features=32, bias=True)
            (1): LeakyReLU(negative_slope=0.01)
            (2): Linear(in_features=32, out_features=16, bias=True)
          )
          (2): Sequential(
            (0): Linear(in_features=16, out_features=32, bias=True)
            (1): LeakyReLU(negative_slope=0.01)
            (2): Linear(in_features=32, out_features=16, bias=True)
          )
          (3): Sequential(
            (0): Linear(in_features=16, out_features=32, bias=True)
            (1): LeakyReLU(negative_slope=0.01)
            (2): Linear(in_features=32, out_features=16, bias=True)
          )
          (4): Sequential(
            (0): Linear(in_features=16, out_features=32, bias=True)
            (1): LeakyReLU(negative_slope=0.01)
            (2): Linear(in_features=32, out_features=16, bias=True)
          )
        )
        (layers): ModuleList(
          (0): MLP(
            (linears): ModuleList(
              (0): Linear(in_features=6, out_features=32, bias=True)
              (1): Linear(in_features=32, out_features=16, bias=True)
            )
          )
          (1): MLP(
            (linears): ModuleList(
              (0): Linear(in_features=32, out_features=32, bias=True)
              (1): Linear(in_features=32, out_features=16, bias=True)
            )
          )
          (2): MLP(
            (linears): ModuleList(
              (0): Linear(in_features=32, out_features=32, bias=True)
              (1): Linear(in_features=32, out_features=16, bias=True)
            )
          )
          (3): MLP(
            (linears): ModuleList(
              (0): Linear(in_features=32, out_features=32, bias=True)
              (1): Linear(in_features=32, out_features=16, bias=True)
            )
          )
        )
      )
      (translate_mlp): MLP(
        (linears): ModuleList(
          (0): Linear(in_features=34, out_features=4, bias=True)
          (1): Linear(in_features=4, out_features=4, bias=True)
          (2): Linear(in_features=4, out_features=2, bias=True)
        )
        (batch_norms): ModuleList(
          (0): BatchNorm1d(4, eps=1e-05, momentum=0.1, affine=True, track_running_stats=True)
          (1): BatchNorm1d(4, eps=1e-05, momentum=0.1, affine=True, track_running_stats=True)
        )
        (cond_layers): ModuleList(
          (0): ConditionalLayer1d()
          (1): ConditionalLayer1d()
        )
      )
    )
    (1): EdgeDensePredictionGNNLayer(
      (multi_channel_gnn_module): GIN(
        (linear_prediction): ModuleList(
          (0): Sequential(
            (0): Linear(in_features=18, out_features=36, bias=True)
            (1): LeakyReLU(negative_slope=0.01)
            (2): Linear(in_features=36, out_features=16, bias=True)
          )
          (1): Sequential(
            (0): Linear(in_features=16, out_features=36, bias=True)
            (1): LeakyReLU(negative_slope=0.01)
            (2): Linear(in_features=36, out_features=16, bias=True)
          )
          (2): Sequential(
            (0): Linear(in_features=16, out_features=36, bias=True)
            (1): LeakyReLU(negative_slope=0.01)
            (2): Linear(in_features=36, out_features=16, bias=True)
          )
          (3): Sequential(
            (0): Linear(in_features=16, out_features=36, bias=True)
            (1): LeakyReLU(negative_slope=0.01)
            (2): Linear(in_features=36, out_features=16, bias=True)
          )
          (4): Sequential(
            (0): Linear(in_features=16, out_features=36, bias=True)
            (1): LeakyReLU(negative_slope=0.01)
            (2): Linear(in_features=36, out_features=16, bias=True)
          )
        )
        (layers): ModuleList(
          (0): MLP(
            (linears): ModuleList(
              (0): Linear(in_features=36, out_features=36, bias=True)
              (1): Linear(in_features=36, out_features=16, bias=True)
            )
          )
          (1): MLP(
            (linears): ModuleList(
              (0): Linear(in_features=32, out_features=36, bias=True)
              (1): Linear(in_features=36, out_features=16, bias=True)
            )
          )
          (2): MLP(
            (linears): ModuleList(
              (0): Linear(in_features=32, out_features=36, bias=True)
              (1): Linear(in_features=36, out_features=16, bias=True)
            )
          )
          (3): MLP(
            (linears): ModuleList(
              (0): Linear(in_features=32, out_features=36, bias=True)
              (1): Linear(in_features=36, out_features=16, bias=True)
            )
          )
        )
      )
      (translate_mlp): MLP(
        (linears): ModuleList(
          (0): Linear(in_features=34, out_features=8, bias=True)
          (1): Linear(in_features=8, out_features=8, bias=True)
          (2): Linear(in_features=8, out_features=4, bias=True)
        )
        (batch_norms): ModuleList(
          (0): BatchNorm1d(8, eps=1e-05, momentum=0.1, affine=True, track_running_stats=True)
          (1): BatchNorm1d(8, eps=1e-05, momentum=0.1, affine=True, track_running_stats=True)
        )
        (cond_layers): ModuleList(
          (0): ConditionalLayer1d()
          (1): ConditionalLayer1d()
        )
      )
    )
    (2): EdgeDensePredictionGNNLayer(
      (multi_channel_gnn_module): GIN(
        (linear_prediction): ModuleList(
          (0): Sequential(
            (0): Linear(in_features=20, out_features=40, bias=True)
            (1): LeakyReLU(negative_slope=0.01)
            (2): Linear(in_features=40, out_features=16, bias=True)
          )
          (1): Sequential(
            (0): Linear(in_features=16, out_features=40, bias=True)
            (1): LeakyReLU(negative_slope=0.01)
            (2): Linear(in_features=40, out_features=16, bias=True)
          )
          (2): Sequential(
            (0): Linear(in_features=16, out_features=40, bias=True)
            (1): LeakyReLU(negative_slope=0.01)
            (2): Linear(in_features=40, out_features=16, bias=True)
          )
          (3): Sequential(
            (0): Linear(in_features=16, out_features=40, bias=True)
            (1): LeakyReLU(negative_slope=0.01)
            (2): Linear(in_features=40, out_features=16, bias=True)
          )
          (4): Sequential(
            (0): Linear(in_features=16, out_features=40, bias=True)
            (1): LeakyReLU(negative_slope=0.01)
            (2): Linear(in_features=40, out_features=16, bias=True)
          )
        )
        (layers): ModuleList(
          (0): MLP(
            (linears): ModuleList(
              (0): Linear(in_features=80, out_features=40, bias=True)
              (1): Linear(in_features=40, out_features=16, bias=True)
            )
          )
          (1): MLP(
            (linears): ModuleList(
              (0): Linear(in_features=64, out_features=40, bias=True)
              (1): Linear(in_features=40, out_features=16, bias=True)
            )
          )
          (2): MLP(
            (linears): ModuleList(
              (0): Linear(in_features=64, out_features=40, bias=True)
              (1): Linear(in_features=40, out_features=16, bias=True)
            )
          )
          (3): MLP(
            (linears): ModuleList(
              (0): Linear(in_features=64, out_features=40, bias=True)
              (1): Linear(in_features=40, out_features=16, bias=True)
            )
          )
        )
      )
      (translate_mlp): MLP(
        (linears): ModuleList(
          (0): Linear(in_features=36, out_features=8, bias=True)
          (1): Linear(in_features=8, out_features=8, bias=True)
          (2): Linear(in_features=8, out_features=4, bias=True)
        )
        (batch_norms): ModuleList(
          (0): BatchNorm1d(8, eps=1e-05, momentum=0.1, affine=True, track_running_stats=True)
          (1): BatchNorm1d(8, eps=1e-05, momentum=0.1, affine=True, track_running_stats=True)
        )
        (cond_layers): ModuleList(
          (0): ConditionalLayer1d()
          (1): ConditionalLayer1d()
        )
      )
    )
    (3): EdgeDensePredictionGNNLayer(
      (multi_channel_gnn_module): GIN(
        (linear_prediction): ModuleList(
          (0): Sequential(
            (0): Linear(in_features=20, out_features=40, bias=True)
            (1): LeakyReLU(negative_slope=0.01)
            (2): Linear(in_features=40, out_features=16, bias=True)
          )
          (1): Sequential(
            (0): Linear(in_features=16, out_features=40, bias=True)
            (1): LeakyReLU(negative_slope=0.01)
            (2): Linear(in_features=40, out_features=16, bias=True)
          )
          (2): Sequential(
            (0): Linear(in_features=16, out_features=40, bias=True)
            (1): LeakyReLU(negative_slope=0.01)
            (2): Linear(in_features=40, out_features=16, bias=True)
          )
          (3): Sequential(
            (0): Linear(in_features=16, out_features=40, bias=True)
            (1): LeakyReLU(negative_slope=0.01)
            (2): Linear(in_features=40, out_features=16, bias=True)
          )
          (4): Sequential(
            (0): Linear(in_features=16, out_features=40, bias=True)
            (1): LeakyReLU(negative_slope=0.01)
            (2): Linear(in_features=40, out_features=16, bias=True)
          )
        )
        (layers): ModuleList(
          (0): MLP(
            (linears): ModuleList(
              (0): Linear(in_features=80, out_features=40, bias=True)
              (1): Linear(in_features=40, out_features=16, bias=True)
            )
          )
          (1): MLP(
            (linears): ModuleList(
              (0): Linear(in_features=64, out_features=40, bias=True)
              (1): Linear(in_features=40, out_features=16, bias=True)
            )
          )
          (2): MLP(
            (linears): ModuleList(
              (0): Linear(in_features=64, out_features=40, bias=True)
              (1): Linear(in_features=40, out_features=16, bias=True)
            )
          )
          (3): MLP(
            (linears): ModuleList(
              (0): Linear(in_features=64, out_features=40, bias=True)
              (1): Linear(in_features=40, out_features=16, bias=True)
            )
          )
        )
      )
      (translate_mlp): MLP(
        (linears): ModuleList(
          (0): Linear(in_features=36, out_features=8, bias=True)
          (1): Linear(in_features=8, out_features=8, bias=True)
          (2): Linear(in_features=8, out_features=4, bias=True)
        )
        (batch_norms): ModuleList(
          (0): BatchNorm1d(8, eps=1e-05, momentum=0.1, affine=True, track_running_stats=True)
          (1): BatchNorm1d(8, eps=1e-05, momentum=0.1, affine=True, track_running_stats=True)
        )
        (cond_layers): ModuleList(
          (0): ConditionalLayer1d()
          (1): ConditionalLayer1d()
        )
      )
    )
    (4): EdgeDensePredictionGNNLayer(
      (multi_channel_gnn_module): GIN(
        (linear_prediction): ModuleList(
          (0): Sequential(
            (0): Linear(in_features=20, out_features=40, bias=True)
            (1): LeakyReLU(negative_slope=0.01)
            (2): Linear(in_features=40, out_features=16, bias=True)
          )
          (1): Sequential(
            (0): Linear(in_features=16, out_features=40, bias=True)
            (1): LeakyReLU(negative_slope=0.01)
            (2): Linear(in_features=40, out_features=16, bias=True)
          )
          (2): Sequential(
            (0): Linear(in_features=16, out_features=40, bias=True)
            (1): LeakyReLU(negative_slope=0.01)
            (2): Linear(in_features=40, out_features=16, bias=True)
          )
          (3): Sequential(
            (0): Linear(in_features=16, out_features=40, bias=True)
            (1): LeakyReLU(negative_slope=0.01)
            (2): Linear(in_features=40, out_features=16, bias=True)
          )
          (4): Sequential(
            (0): Linear(in_features=16, out_features=40, bias=True)
            (1): LeakyReLU(negative_slope=0.01)
            (2): Linear(in_features=40, out_features=16, bias=True)
          )
        )
        (layers): ModuleList(
          (0): MLP(
            (linears): ModuleList(
              (0): Linear(in_features=80, out_features=40, bias=True)
              (1): Linear(in_features=40, out_features=16, bias=True)
            )
          )
          (1): MLP(
            (linears): ModuleList(
              (0): Linear(in_features=64, out_features=40, bias=True)
              (1): Linear(in_features=40, out_features=16, bias=True)
            )
          )
          (2): MLP(
            (linears): ModuleList(
              (0): Linear(in_features=64, out_features=40, bias=True)
              (1): Linear(in_features=40, out_features=16, bias=True)
            )
          )
          (3): MLP(
            (linears): ModuleList(
              (0): Linear(in_features=64, out_features=40, bias=True)
              (1): Linear(in_features=40, out_features=16, bias=True)
            )
          )
        )
      )
      (translate_mlp): MLP(
        (linears): ModuleList(
          (0): Linear(in_features=36, out_features=8, bias=True)
          (1): Linear(in_features=8, out_features=8, bias=True)
          (2): Linear(in_features=8, out_features=2, bias=True)
        )
        (batch_norms): ModuleList(
          (0): BatchNorm1d(8, eps=1e-05, momentum=0.1, affine=True, track_running_stats=True)
          (1): BatchNorm1d(8, eps=1e-05, momentum=0.1, affine=True, track_running_stats=True)
        )
        (cond_layers): ModuleList(
          (0): ConditionalLayer1d()
          (1): ConditionalLayer1d()
        )
      )
    )
  )
  (final_read_score): MLP(
    (linears): ModuleList(
      (0): Linear(in_features=18, out_features=36, bias=True)
      (1): Linear(in_features=36, out_features=36, bias=True)
      (2): Linear(in_features=36, out_features=1, bias=True)
    )
    (cond_layers): ModuleList(
      (0): ConditionalLayer1d()
      (1): ConditionalLayer1d()
    )
  )
)
| 05-14 22:30:44 MMD_full edp-gnn-proj-1.0-fixed1-11.67 128: {'degree': 0.180081, 'cluster': 0.575853, 'orbit': 0.013882, 'spectral': 0.115311}
| 05-14 22:35:32 MMD_full edp-gnn-proj-1.0-fixed1-11.67 128: {'degree': 0.020337, 'cluster': 0.038778, 'orbit': 0.004176, 'spectral': 0.029192}
| 05-14 22:39:30 MMD_full edp-gnn-proj-1.0-fixed1-11.67 128: {'degree': 0.186594, 'cluster': 0.575853, 'orbit': 0.010509, 'spectral': 0.100836}
| 05-14 22:43:35 MMD_full edp-gnn-proj-1.0-fixed1-11.67 128: {'degree': 0.027412, 'cluster': 0.044954, 'orbit': 0.011273, 'spectral': 0.027541}
| 05-14 22:47:32 MMD_full edp-gnn-proj-1.0-fixed1-11.67 128: {'degree': 0.041824, 'cluster': 0.088131, 'orbit': 0.015029, 'spectral': 0.04431}
| 05-14 22:51:28 MMD_full edp-gnn-proj-1.0-fixed1-11.67 128: {'degree': 0.076286, 'cluster': 0.114573, 'orbit': 0.01907, 'spectral': 0.054661}
| 05-14 22:51:28 best_config edp-gnn-proj-1.0-fixed1-11.67 iter: {'step_size_ratio': 0.05, 'eps': 1.0, 'best_batch_mmd': {'degree': 0.020337, 'cluster': 0.038778, 'orbit': 0.004176, 'spectral': 0.029192}}
| 05-14 23:16:07 MMD_full edp-gnn-proj-1.0-fixed1-11.67 1024: {'degree': 0.016956, 'cluster': 0.018076, 'orbit': 0.002925, 'spectral': 0.022328}
