| 05-12 06:36:14 EXPERIMENT BEGIN: 
| 05-12 06:36:14 logging into exp/ego_small/edp-gnn_ego_small__May-12-06-36-13_3479582/sample/info.log
| 05-12 06:36:14 load dataset: ego_small
200
| 05-12 06:36:44 model: EdgeDensePredictionGraphScoreNetwork(
  (gnn_list): ModuleList(
    (0): EdgeDensePredictionGNNLayer(
      (multi_channel_gnn_module): GIN(
        (linear_prediction): ModuleList(
          (0): Sequential(
            (0): Linear(in_features=3, out_features=32, bias=True)
            (1): LeakyReLU(negative_slope=0.01)
            (2): Linear(in_features=32, out_features=16, bias=True)
          )
          (1): Sequential(
            (0): Linear(in_features=16, out_features=32, bias=True)
            (1): LeakyReLU(negative_slope=0.01)
            (2): Linear(in_features=32, out_features=16, bias=True)
          )
          (2): Sequential(
            (0): Linear(in_features=16, out_features=32, bias=True)
            (1): LeakyReLU(negative_slope=0.01)
            (2): Linear(in_features=32, out_features=16, bias=True)
          )
          (3): Sequential(
            (0): Linear(in_features=16, out_features=32, bias=True)
            (1): LeakyReLU(negative_slope=0.01)
            (2): Linear(in_features=32, out_features=16, bias=True)
          )
          (4): Sequential(
            (0): Linear(in_features=16, out_features=32, bias=True)
            (1): LeakyReLU(negative_slope=0.01)
            (2): Linear(in_features=32, out_features=16, bias=True)
          )
        )
        (layers): ModuleList(
          (0): MLP(
            (linears): ModuleList(
              (0): Linear(in_features=6, out_features=32, bias=True)
              (1): Linear(in_features=32, out_features=16, bias=True)
            )
          )
          (1): MLP(
            (linears): ModuleList(
              (0): Linear(in_features=32, out_features=32, bias=True)
              (1): Linear(in_features=32, out_features=16, bias=True)
            )
          )
          (2): MLP(
            (linears): ModuleList(
              (0): Linear(in_features=32, out_features=32, bias=True)
              (1): Linear(in_features=32, out_features=16, bias=True)
            )
          )
          (3): MLP(
            (linears): ModuleList(
              (0): Linear(in_features=32, out_features=32, bias=True)
              (1): Linear(in_features=32, out_features=16, bias=True)
            )
          )
        )
      )
      (translate_mlp): MLP(
        (linears): ModuleList(
          (0): Linear(in_features=34, out_features=4, bias=True)
          (1): Linear(in_features=4, out_features=4, bias=True)
          (2): Linear(in_features=4, out_features=2, bias=True)
        )
        (batch_norms): ModuleList(
          (0): BatchNorm1d(4, eps=1e-05, momentum=0.1, affine=True, track_running_stats=True)
          (1): BatchNorm1d(4, eps=1e-05, momentum=0.1, affine=True, track_running_stats=True)
        )
        (cond_layers): ModuleList(
          (0): ConditionalLayer1d()
          (1): ConditionalLayer1d()
        )
      )
    )
    (1): EdgeDensePredictionGNNLayer(
      (multi_channel_gnn_module): GIN(
        (linear_prediction): ModuleList(
          (0): Sequential(
            (0): Linear(in_features=18, out_features=36, bias=True)
            (1): LeakyReLU(negative_slope=0.01)
            (2): Linear(in_features=36, out_features=16, bias=True)
          )
          (1): Sequential(
            (0): Linear(in_features=16, out_features=36, bias=True)
            (1): LeakyReLU(negative_slope=0.01)
            (2): Linear(in_features=36, out_features=16, bias=True)
          )
          (2): Sequential(
            (0): Linear(in_features=16, out_features=36, bias=True)
            (1): LeakyReLU(negative_slope=0.01)
            (2): Linear(in_features=36, out_features=16, bias=True)
          )
          (3): Sequential(
            (0): Linear(in_features=16, out_features=36, bias=True)
            (1): LeakyReLU(negative_slope=0.01)
            (2): Linear(in_features=36, out_features=16, bias=True)
          )
          (4): Sequential(
            (0): Linear(in_features=16, out_features=36, bias=True)
            (1): LeakyReLU(negative_slope=0.01)
            (2): Linear(in_features=36, out_features=16, bias=True)
          )
        )
        (layers): ModuleList(
          (0): MLP(
            (linears): ModuleList(
              (0): Linear(in_features=36, out_features=36, bias=True)
              (1): Linear(in_features=36, out_features=16, bias=True)
            )
          )
          (1): MLP(
            (linears): ModuleList(
              (0): Linear(in_features=32, out_features=36, bias=True)
              (1): Linear(in_features=36, out_features=16, bias=True)
            )
          )
          (2): MLP(
            (linears): ModuleList(
              (0): Linear(in_features=32, out_features=36, bias=True)
              (1): Linear(in_features=36, out_features=16, bias=True)
            )
          )
          (3): MLP(
            (linears): ModuleList(
              (0): Linear(in_features=32, out_features=36, bias=True)
              (1): Linear(in_features=36, out_features=16, bias=True)
            )
          )
        )
      )
      (translate_mlp): MLP(
        (linears): ModuleList(
          (0): Linear(in_features=34, out_features=8, bias=True)
          (1): Linear(in_features=8, out_features=8, bias=True)
          (2): Linear(in_features=8, out_features=4, bias=True)
        )
        (batch_norms): ModuleList(
          (0): BatchNorm1d(8, eps=1e-05, momentum=0.1, affine=True, track_running_stats=True)
          (1): BatchNorm1d(8, eps=1e-05, momentum=0.1, affine=True, track_running_stats=True)
        )
        (cond_layers): ModuleList(
          (0): ConditionalLayer1d()
          (1): ConditionalLayer1d()
        )
      )
    )
    (2): EdgeDensePredictionGNNLayer(
      (multi_channel_gnn_module): GIN(
        (linear_prediction): ModuleList(
          (0): Sequential(
            (0): Linear(in_features=20, out_features=40, bias=True)
            (1): LeakyReLU(negative_slope=0.01)
            (2): Linear(in_features=40, out_features=16, bias=True)
          )
          (1): Sequential(
            (0): Linear(in_features=16, out_features=40, bias=True)
            (1): LeakyReLU(negative_slope=0.01)
            (2): Linear(in_features=40, out_features=16, bias=True)
          )
          (2): Sequential(
            (0): Linear(in_features=16, out_features=40, bias=True)
            (1): LeakyReLU(negative_slope=0.01)
            (2): Linear(in_features=40, out_features=16, bias=True)
          )
          (3): Sequential(
            (0): Linear(in_features=16, out_features=40, bias=True)
            (1): LeakyReLU(negative_slope=0.01)
            (2): Linear(in_features=40, out_features=16, bias=True)
          )
          (4): Sequential(
            (0): Linear(in_features=16, out_features=40, bias=True)
            (1): LeakyReLU(negative_slope=0.01)
            (2): Linear(in_features=40, out_features=16, bias=True)
          )
        )
        (layers): ModuleList(
          (0): MLP(
            (linears): ModuleList(
              (0): Linear(in_features=80, out_features=40, bias=True)
              (1): Linear(in_features=40, out_features=16, bias=True)
            )
          )
          (1): MLP(
            (linears): ModuleList(
              (0): Linear(in_features=64, out_features=40, bias=True)
              (1): Linear(in_features=40, out_features=16, bias=True)
            )
          )
          (2): MLP(
            (linears): ModuleList(
              (0): Linear(in_features=64, out_features=40, bias=True)
              (1): Linear(in_features=40, out_features=16, bias=True)
            )
          )
          (3): MLP(
            (linears): ModuleList(
              (0): Linear(in_features=64, out_features=40, bias=True)
              (1): Linear(in_features=40, out_features=16, bias=True)
            )
          )
        )
      )
      (translate_mlp): MLP(
        (linears): ModuleList(
          (0): Linear(in_features=36, out_features=8, bias=True)
          (1): Linear(in_features=8, out_features=8, bias=True)
          (2): Linear(in_features=8, out_features=4, bias=True)
        )
        (batch_norms): ModuleList(
          (0): BatchNorm1d(8, eps=1e-05, momentum=0.1, affine=True, track_running_stats=True)
          (1): BatchNorm1d(8, eps=1e-05, momentum=0.1, affine=True, track_running_stats=True)
        )
        (cond_layers): ModuleList(
          (0): ConditionalLayer1d()
          (1): ConditionalLayer1d()
        )
      )
    )
    (3): EdgeDensePredictionGNNLayer(
      (multi_channel_gnn_module): GIN(
        (linear_prediction): ModuleList(
          (0): Sequential(
            (0): Linear(in_features=20, out_features=40, bias=True)
            (1): LeakyReLU(negative_slope=0.01)
            (2): Linear(in_features=40, out_features=16, bias=True)
          )
          (1): Sequential(
            (0): Linear(in_features=16, out_features=40, bias=True)
            (1): LeakyReLU(negative_slope=0.01)
            (2): Linear(in_features=40, out_features=16, bias=True)
          )
          (2): Sequential(
            (0): Linear(in_features=16, out_features=40, bias=True)
            (1): LeakyReLU(negative_slope=0.01)
            (2): Linear(in_features=40, out_features=16, bias=True)
          )
          (3): Sequential(
            (0): Linear(in_features=16, out_features=40, bias=True)
            (1): LeakyReLU(negative_slope=0.01)
            (2): Linear(in_features=40, out_features=16, bias=True)
          )
          (4): Sequential(
            (0): Linear(in_features=16, out_features=40, bias=True)
            (1): LeakyReLU(negative_slope=0.01)
            (2): Linear(in_features=40, out_features=16, bias=True)
          )
        )
        (layers): ModuleList(
          (0): MLP(
            (linears): ModuleList(
              (0): Linear(in_features=80, out_features=40, bias=True)
              (1): Linear(in_features=40, out_features=16, bias=True)
            )
          )
          (1): MLP(
            (linears): ModuleList(
              (0): Linear(in_features=64, out_features=40, bias=True)
              (1): Linear(in_features=40, out_features=16, bias=True)
            )
          )
          (2): MLP(
            (linears): ModuleList(
              (0): Linear(in_features=64, out_features=40, bias=True)
              (1): Linear(in_features=40, out_features=16, bias=True)
            )
          )
          (3): MLP(
            (linears): ModuleList(
              (0): Linear(in_features=64, out_features=40, bias=True)
              (1): Linear(in_features=40, out_features=16, bias=True)
            )
          )
        )
      )
      (translate_mlp): MLP(
        (linears): ModuleList(
          (0): Linear(in_features=36, out_features=8, bias=True)
          (1): Linear(in_features=8, out_features=8, bias=True)
          (2): Linear(in_features=8, out_features=4, bias=True)
        )
        (batch_norms): ModuleList(
          (0): BatchNorm1d(8, eps=1e-05, momentum=0.1, affine=True, track_running_stats=True)
          (1): BatchNorm1d(8, eps=1e-05, momentum=0.1, affine=True, track_running_stats=True)
        )
        (cond_layers): ModuleList(
          (0): ConditionalLayer1d()
          (1): ConditionalLayer1d()
        )
      )
    )
    (4): EdgeDensePredictionGNNLayer(
      (multi_channel_gnn_module): GIN(
        (linear_prediction): ModuleList(
          (0): Sequential(
            (0): Linear(in_features=20, out_features=40, bias=True)
            (1): LeakyReLU(negative_slope=0.01)
            (2): Linear(in_features=40, out_features=16, bias=True)
          )
          (1): Sequential(
            (0): Linear(in_features=16, out_features=40, bias=True)
            (1): LeakyReLU(negative_slope=0.01)
            (2): Linear(in_features=40, out_features=16, bias=True)
          )
          (2): Sequential(
            (0): Linear(in_features=16, out_features=40, bias=True)
            (1): LeakyReLU(negative_slope=0.01)
            (2): Linear(in_features=40, out_features=16, bias=True)
          )
          (3): Sequential(
            (0): Linear(in_features=16, out_features=40, bias=True)
            (1): LeakyReLU(negative_slope=0.01)
            (2): Linear(in_features=40, out_features=16, bias=True)
          )
          (4): Sequential(
            (0): Linear(in_features=16, out_features=40, bias=True)
            (1): LeakyReLU(negative_slope=0.01)
            (2): Linear(in_features=40, out_features=16, bias=True)
          )
        )
        (layers): ModuleList(
          (0): MLP(
            (linears): ModuleList(
              (0): Linear(in_features=80, out_features=40, bias=True)
              (1): Linear(in_features=40, out_features=16, bias=True)
            )
          )
          (1): MLP(
            (linears): ModuleList(
              (0): Linear(in_features=64, out_features=40, bias=True)
              (1): Linear(in_features=40, out_features=16, bias=True)
            )
          )
          (2): MLP(
            (linears): ModuleList(
              (0): Linear(in_features=64, out_features=40, bias=True)
              (1): Linear(in_features=40, out_features=16, bias=True)
            )
          )
          (3): MLP(
            (linears): ModuleList(
              (0): Linear(in_features=64, out_features=40, bias=True)
              (1): Linear(in_features=40, out_features=16, bias=True)
            )
          )
        )
      )
      (translate_mlp): MLP(
        (linears): ModuleList(
          (0): Linear(in_features=36, out_features=8, bias=True)
          (1): Linear(in_features=8, out_features=8, bias=True)
          (2): Linear(in_features=8, out_features=2, bias=True)
        )
        (batch_norms): ModuleList(
          (0): BatchNorm1d(8, eps=1e-05, momentum=0.1, affine=True, track_running_stats=True)
          (1): BatchNorm1d(8, eps=1e-05, momentum=0.1, affine=True, track_running_stats=True)
        )
        (cond_layers): ModuleList(
          (0): ConditionalLayer1d()
          (1): ConditionalLayer1d()
        )
      )
    )
  )
  (final_read_score): MLP(
    (linears): ModuleList(
      (0): Linear(in_features=18, out_features=36, bias=True)
      (1): Linear(in_features=36, out_features=36, bias=True)
      (2): Linear(in_features=36, out_features=1, bias=True)
    )
    (cond_layers): ModuleList(
      (0): ConditionalLayer1d()
      (1): ConditionalLayer1d()
    )
  )
)
| 05-12 06:52:45 MMD_full ego_small_[0.1, 0.2, 0.4, 0.6, 0.8, 1.6].pth-proj-1.0-fixed1 128: {'degree': 0.178913, 'cluster': 0.575853, 'orbit': 0.017488, 'spectral': 0.105866}
| 05-12 06:57:42 MMD_full ego_small_[0.1, 0.2, 0.4, 0.6, 0.8, 1.6].pth-proj-1.0-fixed1 128: {'degree': 0.02068, 'cluster': 0.03421, 'orbit': 0.007422, 'spectral': 0.031812}
| 05-12 07:02:30 MMD_full ego_small_[0.1, 0.2, 0.4, 0.6, 0.8, 1.6].pth-proj-1.0-fixed1 128: {'degree': 0.177327, 'cluster': 0.565365, 'orbit': 0.011829, 'spectral': 0.101718}
| 05-12 07:07:19 MMD_full ego_small_[0.1, 0.2, 0.4, 0.6, 0.8, 1.6].pth-proj-1.0-fixed1 128: {'degree': 0.028816, 'cluster': 0.042009, 'orbit': 0.005746, 'spectral': 0.027995}
| 05-12 07:12:05 MMD_full ego_small_[0.1, 0.2, 0.4, 0.6, 0.8, 1.6].pth-proj-1.0-fixed1 128: {'degree': 0.04755, 'cluster': 0.101007, 'orbit': 0.015435, 'spectral': 0.034454}
| 05-12 07:16:55 MMD_full ego_small_[0.1, 0.2, 0.4, 0.6, 0.8, 1.6].pth-proj-1.0-fixed1 128: {'degree': 0.072759, 'cluster': 0.084446, 'orbit': 0.022564, 'spectral': 0.038915}
| 05-12 07:16:55 best_config ego_small_[0.1, 0.2, 0.4, 0.6, 0.8, 1.6].pth-proj-1.0-fixed1 iter: {'step_size_ratio': 0.05, 'eps': 1.0, 'best_batch_mmd': {'degree': 0.02068, 'cluster': 0.03421, 'orbit': 0.007422, 'spectral': 0.031812}}
| 05-12 08:00:37 MMD_full ego_small_[0.1, 0.2, 0.4, 0.6, 0.8, 1.6].pth-proj-1.0-fixed1 1024: {'degree': 0.013582, 'cluster': 0.016047, 'orbit': 0.002841, 'spectral': 0.021134}
